[2026-04-28 12:12:09] MPU6050 + GY-30 平移手势控制程序启动
[2026-04-28 12:12:09] 逻辑：向右快速推动 -> position=1；向左快速推动 -> position=0
[2026-04-28 12:12:09] MPU_I2C_BUS=/dev/i2c-3 MPU_ADDR=0x68
[2026-04-28 12:12:09] GY30_I2C_BUS=/dev/i2c-4 GY30_ADDR=0x23
[2026-04-28 12:12:09] BACKLIGHT_DIR=/sys/class/backlight/backlight-dsi
[2026-04-28 12:12:09] MAX_BRIGHTNESS=255
[2026-04-28 12:12:09] DIRECTION=1
[2026-04-28 12:12:09] RIGHT_PUSH_THRESHOLD=0.045 LEFT_PUSH_THRESHOLD=-0.045
[2026-04-28 12:12:09] AY_DEADBAND=0.012 TRIGGER_COUNT=2 COOLDOWN_TIME=0.70
[2026-04-28 12:12:12] 初始 position=0，强制灭屏
[2026-04-28 12:12:15] 触发：向右推动，position=1，亮度跟随 GY-30，AY_LOGIC=1.169762
[2026-04-28 12:12:16] 触发：向右推动，position=1，亮度跟随 GY-30，AY_LOGIC=1.918298
[2026-04-28 12:12:18] 触发：向右推动，position=1，亮度跟随 GY-30，AY_LOGIC=1.986352
[2026-04-28 12:12:21] 触发：向右推动，position=1，亮度跟随 GY-30，AY_LOGIC=0.150475
[2026-04-28 12:12:22] 触发：向左推动，position=0，强制灭屏，AY_LOGIC=-0.923988
[2026-04-28 12:12:24] 触发：向左推动，position=0，强制灭屏，AY_LOGIC=-0.269935
[2026-04-28 12:12:26] 触发：向右推动，position=1，亮度跟随 GY-30，AY_LOGIC=1.986352
[2026-04-28 12:12:27] 触发：向左推动，position=0，强制灭屏，AY_LOGIC=-2.013587
[2026-04-28 12:12:28] 触发：向右推动，position=1，亮度跟随 GY-30，AY_LOGIC=1.529382
[2026-04-28 12:12:29] 触发：向左推动，position=0，强制灭屏，AY_LOGIC=-0.335120
[2026-04-28 12:12:32] 触发：向右推动，position=1，亮度跟随 GY-30，AY_LOGIC=0.275964
[2026-04-28 12:12:33] 触发：向左推动，position=0，强制灭屏，AY_LOGIC=-0.407386
[2026-04-28 12:12:34] 触发：向右推动，position=1，亮度跟随 GY-30，AY_LOGIC=0.189050
[2026-04-28 12:12:35] 触发：向左推动，position=0，强制灭屏，AY_LOGIC=-1.164954
[2026-04-28 12:12:36] 触发：向右推动，position=1，亮度跟随 GY-30，AY_LOGIC=0.235680
[2026-04-28 12:12:37] 触发：向右推动，position=1，亮度跟随 GY-30，AY_LOGIC=0.491540
[2026-04-28 12:12:39] 触发：向右推动，position=1，亮度跟随 GY-30，AY_LOGIC=1.986352
[2026-04-28 12:12:40] 触发：向右推动，position=1，亮度跟随 GY-30，AY_LOGIC=0.535729
[2026-04-28 12:12:42] 触发：向左推动，position=0，强制灭屏，AY_LOGIC=-1.291663
[2026-04-28 12:12:43] 触发：向左推动，position=0，强制灭屏，AY_LOGIC=-0.073402
[2026-04-28 12:12:44] 触发：向右推动，position=1，亮度跟随 GY-30，AY_LOGIC=1.198083
[2026-04-28 12:12:45] 触发：向左推动，position=0，强制灭屏，AY_LOGIC=-2.013587
[2026-04-28 12:12:46] 触发：向右推动，position=1，亮度跟随 GY-30，AY_LOGIC=0.344323
[2026-04-28 12:12:47] 触发：向左推动，position=0，强制灭屏，AY_LOGIC=-0.288001
[2026-04-28 12:12:49] 触发：向右推动，position=1，亮度跟随 GY-30，AY_LOGIC=0.280114
[2026-04-28 12:12:50] 触发：向右推动，position=1，亮度跟随 GY-30，AY_LOGIC=0.957360
[2026-04-28 12:12:51] 触发：向右推动，position=1，亮度跟随 GY-30，AY_LOGIC=0.115563
[2026-04-28 12:12:52] 触发：向左推动，position=0，强制灭屏，AY_LOGIC=-2.013587
[2026-04-28 12:12:53] 触发：向左推动，position=0，强制灭屏，AY_LOGIC=-0.836585
[2026-04-28 12:12:55] 触发：向左推动，position=0，强制灭屏，AY_LOGIC=-1.164710
[2026-04-28 12:12:55] 触发：向右推动，position=1，亮度跟随 GY-30，AY_LOGIC=0.889733
[2026-04-28 12:12:57] 触发：向右推动，position=1，亮度跟随 GY-30，AY_LOGIC=0.123376
[2026-04-28 12:13:00] 触发：向左推动，position=0，强制灭屏，AY_LOGIC=-0.047767
[2026-04-28 12:13:03] 触发：向左推动，position=0，强制灭屏，AY_LOGIC=-0.910316
[2026-04-28 12:13:04] 触发：向右推动，position=1，亮度跟随 GY-30，AY_LOGIC=1.653161
[2026-04-28 12:13:05] 触发：向左推动，position=0，强制灭屏，AY_LOGIC=-0.352454
[2026-04-28 12:13:06] 触发：向右推动，position=1，亮度跟随 GY-30，AY_LOGIC=1.512048
[2026-04-28 12:13:07] 触发：向左推动，position=0，强制灭屏，AY_LOGIC=-0.669837
[2026-04-28 12:13:08] 触发：向左推动，position=0，强制灭屏，AY_LOGIC=-0.995032
[2026-04-28 12:13:10] 触发：向右推动，position=1，亮度跟随 GY-30，AY_LOGIC=0.427087
[2026-04-28 12:13:11] 触发：向右推动，position=1，亮度跟随 GY-30，AY_LOGIC=0.925866
[2026-04-28 12:13:13] 触发：向右推动，position=1，亮度跟随 GY-30，AY_LOGIC=0.318200
[2026-04-28 12:13:13] 触发：向右推动，position=1，亮度跟随 GY-30，AY_LOGIC=0.063561
[2026-04-28 12:13:15] 触发：向右推动，position=1，亮度跟随 GY-30，AY_LOGIC=0.163903
[2026-04-28 12:13:16] 触发：向左推动，position=0，强制灭屏，AY_LOGIC=-0.370765
[2026-04-28 12:13:17] 触发：向右推动，position=1，亮度跟随 GY-30，AY_LOGIC=0.195153
[2026-04-28 12:13:18] 触发：向左推动，position=0，强制灭屏，AY_LOGIC=-0.059974
[2026-04-28 12:13:20] 触发：向左推动，position=0，强制灭屏，AY_LOGIC=-0.153968
[2026-04-28 12:13:21] 触发：向右推动，position=1，亮度跟随 GY-30，AY_LOGIC=1.986352
[2026-04-28 12:13:22] 触发：向右推动，position=1，亮度跟随 GY-30，AY_LOGIC=1.297204
[2026-04-28 12:13:22] 触发：向左推动，position=0，强制灭屏，AY_LOGIC=-1.388343
[2026-04-28 12:13:23] 触发：向右推动，position=1，亮度跟随 GY-30，AY_LOGIC=0.054040
[2026-04-28 12:13:25] 触发：向右推动，position=1，亮度跟随 GY-30，AY_LOGIC=0.046960
[2026-04-28 12:13:26] 触发：向左推动，position=0，强制灭屏，AY_LOGIC=-0.481849
[2026-04-28 12:13:27] 触发：向右推动，position=1，亮度跟随 GY-30，AY_LOGIC=0.046716
[2026-04-28 12:13:28] 触发：向左推动，position=0，强制灭屏，AY_LOGIC=-1.953040
[2026-04-28 12:13:32] 触发：向右推动，position=1，亮度跟随 GY-30，AY_LOGIC=0.993737
[2026-04-28 12:13:33] 触发：向右推动，position=1，亮度跟随 GY-30，AY_LOGIC=0.661462
[2026-04-28 12:13:33] 触发：向右推动，position=1，亮度跟随 GY-30，AY_LOGIC=0.306725
[2026-04-28 12:13:34] 触发：向右推动，position=1，亮度跟随 GY-30，AY_LOGIC=0.336022
[2026-04-28 12:13:35] 触发：向左推动，position=0，强制灭屏，AY_LOGIC=-0.137855
[2026-04-28 12:13:36] 触发：向左推动，position=0，强制灭屏，AY_LOGIC=-0.079993
[2026-04-28 12:13:37] 触发：向右推动，position=1，亮度跟随 GY-30，AY_LOGIC=1.583337
[2026-04-28 12:13:38] 触发：向左推动，position=0，强制灭屏，AY_LOGIC=-0.064613
[2026-04-28 12:13:38] 触发：向左推动，position=0，强制灭屏，AY_LOGIC=-0.109046
[2026-04-28 12:13:39] 触发：向右推动，position=1，亮度跟随 GY-30，AY_LOGIC=0.643884
[2026-04-28 12:13:40] 触发：向右推动，position=1，亮度跟随 GY-30，AY_LOGIC=0.554528
[2026-04-28 12:13:41] 触发：向左推动，position=0，强制灭屏，AY_LOGIC=-0.207435
[2026-04-28 12:13:42] 触发：向左推动，position=0，强制灭屏，AY_LOGIC=-0.235755
[2026-04-28 12:13:42] 触发：向右推动，position=1，亮度跟随 GY-30，AY_LOGIC=1.055505
[2026-04-28 12:13:43] 触发：向右推动，position=1，亮度跟随 GY-30，AY_LOGIC=0.880944
[2026-04-28 12:13:44] 触发：向左推动，position=0，强制灭屏，AY_LOGIC=-0.097327
[2026-04-28 12:13:45] 触发：向左推动，position=0，强制灭屏，AY_LOGIC=-0.135657
[2026-04-28 12:13:45] 触发：向右推动，position=1，亮度跟随 GY-30，AY_LOGIC=0.047692
[2026-04-28 12:13:46] 触发：向右推动，position=1，亮度跟随 GY-30，AY_LOGIC=1.315270
[2026-04-28 12:13:47] 触发：向左推动，position=0，强制灭屏，AY_LOGIC=-2.013587
[2026-04-28 12:13:48] 触发：向左推动，position=0，强制灭屏，AY_LOGIC=-0.259437
[2026-04-28 12:13:49] 触发：向左推动，position=0，强制灭屏，AY_LOGIC=-0.811195
[2026-04-28 12:13:50] 触发：向右推动，position=1，亮度跟随 GY-30，AY_LOGIC=1.233483
[2026-04-28 12:13:52] 触发：向左推动，position=0，强制灭屏，AY_LOGIC=-1.617591
[2026-04-28 12:13:53] 触发：向右推动，position=1，亮度跟随 GY-30，AY_LOGIC=0.249352
[2026-04-28 12:13:54] 触发：向左推动，position=0，强制灭屏，AY_LOGIC=-2.013587
[2026-04-28 12:13:55] 触发：向右推动，position=1，亮度跟随 GY-30，AY_LOGIC=1.580407
[2026-04-28 12:13:56] 触发：向左推动，position=0，强制灭屏，AY_LOGIC=-0.278480
[2026-04-28 12:13:57] 触发：向右推动，position=1，亮度跟随 GY-30，AY_LOGIC=0.753014
[2026-04-28 12:13:58] 触发：向左推动，position=0，强制灭屏，AY_LOGIC=-2.013587
[2026-04-28 12:13:59] 触发：向右推动，position=1，亮度跟随 GY-30，AY_LOGIC=1.294030
[2026-04-28 12:14:00] 触发：向右推动，position=1，亮度跟随 GY-30，AY_LOGIC=0.121178
[2026-04-28 12:14:01] 触发：向右推动，position=1，亮度跟随 GY-30，AY_LOGIC=0.859948
[2026-04-28 12:14:02] 触发：向左推动，position=0，强制灭屏，AY_LOGIC=-1.323890
[2026-04-28 12:14:03] 触发：向右推动，position=1，亮度跟随 GY-30，AY_LOGIC=0.056237
[2026-04-28 12:14:04] 触发：向左推动，position=0，强制灭屏，AY_LOGIC=-0.904212
[2026-04-28 12:14:05] 触发：向右推动，position=1，亮度跟随 GY-30，AY_LOGIC=1.986352
[2026-04-28 12:14:06] 触发：向右推动，position=1，亮度跟随 GY-30，AY_LOGIC=1.235925
[2026-04-28 12:14:07] 触发：向右推动，position=1，亮度跟随 GY-30，AY_LOGIC=0.283044
[2026-04-28 12:14:07] 触发：向右推动，position=1，亮度跟随 GY-30，AY_LOGIC=0.342126
[2026-04-28 12:14:08] 触发：向左推动，position=0，强制灭屏，AY_LOGIC=-0.530677
[2026-04-28 12:14:09] 触发：向右推动，position=1，亮度跟随 GY-30，AY_LOGIC=0.147301
[2026-04-28 12:14:10] 触发：向左推动，position=0，强制灭屏，AY_LOGIC=-0.104407
[2026-04-28 12:14:12] 触发：向左推动，position=0，强制灭屏，AY_LOGIC=-0.221351
[2026-04-28 12:14:13] 触发：向右推动，position=1，亮度跟随 GY-30，AY_LOGIC=0.058434
[2026-04-28 12:14:15] 触发：向左推动，position=0，强制灭屏，AY_LOGIC=-0.201331
[2026-04-28 12:14:16] 触发：向右推动，position=1，亮度跟随 GY-30，AY_LOGIC=0.185876
[2026-04-28 12:14:17] 触发：向右推动，position=1，亮度跟随 GY-30，AY_LOGIC=0.058434
[2026-04-28 12:14:18] 触发：向左推动，position=0，强制灭屏，AY_LOGIC=-0.132240
[2026-04-28 12:14:19] 触发：向左推动，position=0，强制灭屏，AY_LOGIC=-0.144202
[2026-04-28 12:14:20] 触发：向左推动，position=0，强制灭屏，AY_LOGIC=-0.079017
[2026-04-28 12:14:20] 触发：向右推动，position=1，亮度跟随 GY-30，AY_LOGIC=0.404137
[2026-04-28 12:14:21] 触发：向右推动，position=1，亮度跟随 GY-30，AY_LOGIC=0.460046
[2026-04-28 12:14:22] 触发：向右推动，position=1，亮度跟随 GY-30，AY_LOGIC=0.484460
[2026-04-28 12:14:23] 触发：向右推动，position=1，亮度跟随 GY-30，AY_LOGIC=0.504479
[2026-04-28 12:14:24] 触发：向右推动，position=1，亮度跟随 GY-30，AY_LOGIC=0.517419
[2026-04-28 12:14:24] 触发：向右推动，position=1，亮度跟随 GY-30，AY_LOGIC=0.524987
[2026-04-28 12:14:25] 触发：向右推动，position=1，亮度跟随 GY-30，AY_LOGIC=0.534753
[2026-04-28 12:14:26] 触发：向右推动，position=1，亮度跟随 GY-30，AY_LOGIC=0.539880
[2026-04-28 12:14:27] 程序手动退出
[2026-04-28 12:19:01] MPU6050 + GY-30 手势联合控制程序启动
[2026-04-28 12:19:01] 逻辑：MPU6050 只负责切换 position，切换后 3.0 秒内不读取 MPU6050
[2026-04-28 12:19:01] position=1：亮度跟随 GY-30
[2026-04-28 12:19:01] position=0：强制亮度为 0
[2026-04-28 12:19:01] DIRECTION=1
[2026-04-28 12:19:01] RIGHT_PUSH_THRESHOLD=0.045 LEFT_PUSH_THRESHOLD=-0.045
[2026-04-28 12:19:01] TRIGGER_COUNT=2 AY_DEADBAND=0.012
[2026-04-28 12:19:04] 初始 position=0，强制灭屏
[2026-04-28 12:19:06] 触发：向右推动，position=1，接下来 3.0 秒不读取 MPU6050，AY_LOGIC=0.242526
[2026-04-28 12:19:10] 触发：向右推动，position=1，接下来 3.0 秒不读取 MPU6050，AY_LOGIC=0.057467
[2026-04-28 12:19:13] 触发：向右推动，position=1，接下来 3.0 秒不读取 MPU6050，AY_LOGIC=0.071871
[2026-04-28 12:19:16] 触发：向右推动，position=1，接下来 3.0 秒不读取 MPU6050，AY_LOGIC=0.059176
[2026-04-28 12:19:21] 触发：向左推动，position=0，接下来 3.0 秒不读取 MPU6050，AY_LOGIC=-0.492826
[2026-04-28 12:19:25] 触发：向右推动，position=1，接下来 3.0 秒不读取 MPU6050，AY_LOGIC=0.048190
[2026-04-28 12:19:28] 触发：向右推动，position=1，接下来 3.0 秒不读取 MPU6050，AY_LOGIC=0.051119
[2026-04-28 12:19:31] 触发：向右推动，position=1，接下来 3.0 秒不读取 MPU6050，AY_LOGIC=0.046725
[2026-04-28 12:19:39] 触发：向左推动，position=0，接下来 3.0 秒不读取 MPU6050，AY_LOGIC=-0.427640
[2026-04-28 12:19:42] 触发：向右推动，position=1，接下来 3.0 秒不读取 MPU6050，AY_LOGIC=0.063570
[2026-04-28 12:19:45] 触发：向右推动，position=1，接下来 3.0 秒不读取 MPU6050，AY_LOGIC=0.050387
[2026-04-28 12:19:49] 触发：向右推动，position=1，接下来 3.0 秒不读取 MPU6050，AY_LOGIC=0.049166
[2026-04-28 12:19:56] 触发：向左推动，position=0，接下来 3.0 秒不读取 MPU6050，AY_LOGIC=-0.881986
[2026-04-28 12:20:02] 触发：向右推动，position=1，接下来 3.0 秒不读取 MPU6050，AY_LOGIC=0.232516
[2026-04-28 12:20:05] 触发：向右推动，position=1，接下来 3.0 秒不读取 MPU6050，AY_LOGIC=0.060641
[2026-04-28 12:20:08] 触发：向右推动，position=1，接下来 3.0 秒不读取 MPU6050，AY_LOGIC=0.064547
[2026-04-28 12:20:11] 触发：向右推动，position=1，接下来 3.0 秒不读取 MPU6050，AY_LOGIC=0.055026
[2026-04-28 12:20:15] 触发：向右推动，position=1，接下来 3.0 秒不读取 MPU6050，AY_LOGIC=0.061617
[2026-04-28 12:20:18] 触发：向右推动，position=1，接下来 3.0 秒不读取 MPU6050，AY_LOGIC=0.087985
[2026-04-28 12:20:21] 触发：向右推动，position=1，接下来 3.0 秒不读取 MPU6050，AY_LOGIC=0.085055
[2026-04-28 12:20:24] 触发：向右推动，position=1，接下来 3.0 秒不读取 MPU6050，AY_LOGIC=0.084567
[2026-04-28 12:20:27] 触发：向右推动，position=1，接下来 3.0 秒不读取 MPU6050，AY_LOGIC=0.083346
[2026-04-28 12:20:30] 触发：向右推动，position=1，接下来 3.0 秒不读取 MPU6050，AY_LOGIC=0.090670
[2026-04-28 12:20:33] 触发：向右推动，position=1，接下来 3.0 秒不读取 MPU6050，AY_LOGIC=0.079195
[2026-04-28 12:20:36] 触发：向右推动，position=1，接下来 3.0 秒不读取 MPU6050，AY_LOGIC=0.084078
[2026-04-28 12:20:39] 触发：向左推动，position=0，接下来 3.0 秒不读取 MPU6050，AY_LOGIC=-0.621488
[2026-04-28 12:20:42] 触发：向右推动，position=1，接下来 3.0 秒不读取 MPU6050，AY_LOGIC=0.077242
[2026-04-28 12:20:45] 触发：向右推动，position=1，接下来 3.0 秒不读取 MPU6050，AY_LOGIC=0.064303
[2026-04-28 12:20:49] 触发：向右推动，position=1，接下来 3.0 秒不读取 MPU6050，AY_LOGIC=0.086520
[2026-04-28 12:20:52] 触发：向右推动，position=1，接下来 3.0 秒不读取 MPU6050，AY_LOGIC=0.047457
[2026-04-28 12:20:55] 触发：向右推动，position=1，接下来 3.0 秒不读取 MPU6050，AY_LOGIC=0.079195
[2026-04-28 12:20:58] 触发：向右推动，position=1，接下来 3.0 秒不读取 MPU6050，AY_LOGIC=0.068942
[2026-04-28 12:21:01] 触发：向右推动，position=1，接下来 3.0 秒不读取 MPU6050，AY_LOGIC=0.076266
[2026-04-28 12:21:04] 触发：向右推动，position=1，接下来 3.0 秒不读取 MPU6050，AY_LOGIC=0.269137
[2026-04-28 12:21:05] 程序手动退出
[2026-04-28 12:21:41] MPU6050 + GY-30 手势联合控制程序启动
[2026-04-28 12:21:41] 逻辑：MPU6050 只负责切换 position，切换后 10.0 秒内不读取 MPU6050
[2026-04-28 12:21:41] position=1：亮度跟随 GY-30
[2026-04-28 12:21:41] position=0：强制亮度为 0
[2026-04-28 12:21:41] DIRECTION=1
[2026-04-28 12:21:41] RIGHT_PUSH_THRESHOLD=0.045 LEFT_PUSH_THRESHOLD=-0.045
[2026-04-28 12:21:41] TRIGGER_COUNT=2 AY_DEADBAND=0.012
[2026-04-28 12:21:44] 初始 position=0，强制灭屏
[2026-04-28 12:21:45] 触发：向左推动，position=0，接下来 10.0 秒不读取 MPU6050，AY_LOGIC=-0.420855
[2026-04-28 12:21:56] 触发：向右推动，position=1，接下来 10.0 秒不读取 MPU6050，AY_LOGIC=0.064253
[2026-04-28 12:22:11] 触发：向右推动，position=1，接下来 10.0 秒不读取 MPU6050，AY_LOGIC=0.091352
[2026-04-28 12:22:21] 触发：向左推动，position=0，接下来 10.0 秒不读取 MPU6050，AY_LOGIC=-0.446245
[2026-04-28 12:22:31] 触发：向右推动，position=1，接下来 10.0 秒不读取 MPU6050，AY_LOGIC=0.929487
[2026-04-28 12:22:41] 触发：向右推动，position=1，接下来 10.0 秒不读取 MPU6050，AY_LOGIC=0.947554
[2026-04-28 12:22:51] 触发：向左推动，position=0，接下来 10.0 秒不读取 MPU6050，AY_LOGIC=-0.341021
[2026-04-28 12:23:01] 触发：向左推动，position=0，接下来 10.0 秒不读取 MPU6050，AY_LOGIC=-0.329058
[2026-04-28 12:23:12] 触发：向左推动，position=0，接下来 10.0 秒不读取 MPU6050，AY_LOGIC=-0.052935
[2026-04-28 12:23:15] 程序手动退出
[2026-04-28 12:24:44] MPU6050 + GY-30 手势联合控制程序启动
[2026-04-28 12:24:44] 逻辑：MPU6050 只负责切换 position，切换后 5.0 秒内不读取 MPU6050
[2026-04-28 12:24:44] position=1：亮度跟随 GY-30
[2026-04-28 12:24:44] position=0：强制亮度为 0
[2026-04-28 12:24:44] DIRECTION=1
[2026-04-28 12:24:44] RIGHT_PUSH_THRESHOLD=0.045 LEFT_PUSH_THRESHOLD=-0.045
[2026-04-28 12:24:44] TRIGGER_COUNT=1 AY_DEADBAND=0.012
[2026-04-28 12:24:47] 初始 position=0，强制灭屏
[2026-04-28 12:24:49] 触发：向右推动，position=1，接下来 5.0 秒不读取 MPU6050，AY_LOGIC=0.055201
[2026-04-28 12:24:54] 触发：向右推动，position=1，接下来 5.0 秒不读取 MPU6050，AY_LOGIC=0.216089
[2026-04-28 12:25:01] 触发：向左推动，position=0，接下来 5.0 秒不读取 MPU6050，AY_LOGIC=-0.472875
[2026-04-28 12:25:08] 触发：向左推动，position=0，接下来 5.0 秒不读取 MPU6050，AY_LOGIC=-0.345922
[2026-04-28 12:25:15] 触发：向左推动，position=0，接下来 5.0 秒不读取 MPU6050，AY_LOGIC=-0.251440
[2026-04-28 12:25:21] 触发：向右推动，position=1，接下来 5.0 秒不读取 MPU6050，AY_LOGIC=0.214625
[2026-04-28 12:25:27] 触发：向左推动，position=0，接下来 5.0 秒不读取 MPU6050，AY_LOGIC=-0.087866
[2026-04-28 12:25:33] 触发：向右推动，position=1，接下来 5.0 秒不读取 MPU6050，AY_LOGIC=0.142115
[2026-04-28 12:25:39] 触发：向左推动，position=0，接下来 5.0 秒不读取 MPU6050，AY_LOGIC=-0.135229
[2026-04-28 12:25:44] 触发：向右推动，position=1，接下来 5.0 秒不读取 MPU6050，AY_LOGIC=0.185328
[2026-04-28 12:25:51] 触发：向左推动，position=0，接下来 5.0 秒不读取 MPU6050，AY_LOGIC=-0.045141
[2026-04-28 12:26:01] 触发：向右推动，position=1，接下来 5.0 秒不读取 MPU6050，AY_LOGIC=0.129420
[2026-04-28 12:26:09] 触发：向左推动，position=0，接下来 5.0 秒不读取 MPU6050，AY_LOGIC=-0.114233
[2026-04-28 12:26:15] 触发：向右推动，position=1，接下来 5.0 秒不读取 MPU6050，AY_LOGIC=0.211695
[2026-04-28 12:26:26] 触发：向左推动，position=0，接下来 5.0 秒不读取 MPU6050，AY_LOGIC=-0.389379
[2026-04-28 12:26:32] 触发：向右推动，position=1，接下来 5.0 秒不读取 MPU6050，AY_LOGIC=0.806910
[2026-04-28 12:26:33] 程序手动退出
[2026-04-28 12:30:02] MPU6050 + GY-30 手势联合控制程序启动
[2026-04-28 12:30:02] 逻辑：MPU6050 只负责切换 position，切换后 5.0 秒内不读取 MPU6050
[2026-04-28 12:30:02] position=1：亮度跟随 GY-30
[2026-04-28 12:30:02] position=0：强制亮度为 0
[2026-04-28 12:30:02] DIRECTION=1
[2026-04-28 12:30:02] RIGHT_PUSH_THRESHOLD=0.045 LEFT_PUSH_THRESHOLD=-0.045
[2026-04-28 12:30:02] TRIGGER_COUNT=1 AY_DEADBAND=0.012
[2026-04-28 12:30:05] 初始 position=0，强制灭屏
[2026-04-28 12:30:41] 触发：向左推动，position=0，接下来 5.0 秒不读取 MPU6050，AY_LOGIC=-0.515644
[2026-04-28 12:30:46] 触发：向左推动，position=0，接下来 5.0 秒不读取 MPU6050，AY_LOGIC=-0.686298
[2026-04-28 12:30:51] 触发：向左推动，position=0，接下来 5.0 秒不读取 MPU6050，AY_LOGIC=-0.690937
[2026-04-28 12:30:56] 触发：向左推动，position=0，接下来 5.0 秒不读取 MPU6050，AY_LOGIC=-0.685077
[2026-04-28 12:31:02] 触发：向左推动，position=0，接下来 5.0 秒不读取 MPU6050，AY_LOGIC=-0.692157
[2026-04-28 12:31:07] 触发：向左推动，position=0，接下来 5.0 秒不读取 MPU6050，AY_LOGIC=-0.047870
[2026-04-28 12:31:14] 触发：向右推动，position=1，接下来 5.0 秒不读取 MPU6050，AY_LOGIC=0.055889
[2026-04-28 12:31:19] 触发：向左推动，position=0，接下来 5.0 秒不读取 MPU6050，AY_LOGIC=-0.612079
[2026-04-28 12:31:24] 触发：向左推动，position=0，接下来 5.0 秒不读取 MPU6050，AY_LOGIC=-0.712665
[2026-04-28 12:31:29] 触发：向左推动，position=0，接下来 5.0 秒不读取 MPU6050，AY_LOGIC=-0.722431
[2026-04-28 12:31:34] 触发：向左推动，position=0，接下来 5.0 秒不读取 MPU6050，AY_LOGIC=-0.662128
[2026-04-28 12:31:39] 触发：向左推动，position=0，接下来 5.0 秒不读取 MPU6050，AY_LOGIC=-0.687519
[2026-04-28 12:31:44] 触发：向左推动，position=0，接下来 5.0 秒不读取 MPU6050，AY_LOGIC=-0.685810
[2026-04-28 12:31:49] 触发：向左推动，position=0，接下来 5.0 秒不读取 MPU6050，AY_LOGIC=-0.674579
[2026-04-28 12:31:54] 触发：向左推动，position=0，接下来 5.0 秒不读取 MPU6050，AY_LOGIC=-0.073261
[2026-04-28 12:32:11] 触发：向右推动，position=1，接下来 5.0 秒不读取 MPU6050，AY_LOGIC=0.132305
[2026-04-28 12:32:25] 触发：向右推动，position=1，接下来 5.0 秒不读取 MPU6050，AY_LOGIC=0.370587
[2026-04-28 12:32:30] 触发：向左推动，position=0，接下来 5.0 秒不读取 MPU6050，AY_LOGIC=-0.653095
[2026-04-28 12:32:35] 触发：向左推动，position=0，接下来 5.0 秒不读取 MPU6050，AY_LOGIC=-0.686542
[2026-04-28 12:32:40] 触发：向左推动，position=0，接下来 5.0 秒不读取 MPU6050，AY_LOGIC=-0.312519
[2026-04-28 12:32:45] 触发：向左推动，position=0，接下来 5.0 秒不读取 MPU6050，AY_LOGIC=-0.270527
[2026-04-28 12:32:50] 触发：向左推动，position=0，接下来 5.0 秒不读取 MPU6050，AY_LOGIC=-0.268085
[2026-04-28 12:32:55] 触发：向左推动，position=0，接下来 5.0 秒不读取 MPU6050，AY_LOGIC=-0.265155
[2026-04-28 12:33:00] 触发：向左推动，position=0，接下来 5.0 秒不读取 MPU6050，AY_LOGIC=-0.251728
[2026-04-28 12:33:05] 触发：向左推动，position=0，接下来 5.0 秒不读取 MPU6050，AY_LOGIC=-0.250995
[2026-04-28 12:33:10] 触发：向左推动，position=0，接下来 5.0 秒不读取 MPU6050，AY_LOGIC=-0.246845
[2026-04-28 12:33:15] 触发：向左推动，position=0，接下来 5.0 秒不读取 MPU6050，AY_LOGIC=-0.244648
[2026-04-28 12:33:20] 触发：向左推动，position=0，接下来 5.0 秒不读取 MPU6050，AY_LOGIC=-0.241718
[2026-04-28 12:33:25] 触发：向左推动，position=0，接下来 5.0 秒不读取 MPU6050，AY_LOGIC=-0.243915
[2026-04-28 12:33:30] 触发：向左推动，position=0，接下来 5.0 秒不读取 MPU6050，AY_LOGIC=-0.234638
[2026-04-28 12:34:42] MPU6050 + GY-30 手势联合控制程序启动
[2026-04-28 12:34:42] position=1：亮度跟随 GY-30
[2026-04-28 12:34:42] position=0：强制亮度为 0
[2026-04-28 12:34:42] 触发后 5.0 秒不读取 MPU6050
[2026-04-28 12:34:42] DIRECTION=1 RIGHT=0.045 LEFT=-0.045 TRIGGER_COUNT=1
[2026-04-28 12:34:44] 初始 position=0，强制灭屏
[2026-04-28 12:34:46] 触发：向左推动，position=0，锁定 5.0 秒，AY_LOGIC=-0.253149
[2026-04-28 12:34:51] 触发：向右推动，position=1，锁定 5.0 秒，AY_LOGIC=0.063746
[2026-04-28 12:34:57] 触发：向左推动，position=0，锁定 5.0 秒，AY_LOGIC=-0.292944
[2026-04-28 12:35:04] 触发：向右推动，position=1，锁定 5.0 秒，AY_LOGIC=0.486597
[2026-04-28 12:35:12] 触发：向左推动，position=0，锁定 5.0 秒，AY_LOGIC=-0.336157
[2026-04-28 12:35:19] 触发：向左推动，position=0，锁定 5.0 秒，AY_LOGIC=-0.058569
[2026-04-28 12:35:24] 触发：向右推动，position=1，锁定 5.0 秒，AY_LOGIC=0.069605
[2026-04-28 12:35:29] 触发：向右推动，position=1，锁定 5.0 秒，AY_LOGIC=0.055689
[2026-04-28 12:35:36] 触发：向右推动，position=1，锁定 5.0 秒，AY_LOGIC=0.065943
[2026-04-28 12:35:41] 触发：向右推动，position=1，锁定 5.0 秒，AY_LOGIC=0.045923
[2026-04-28 12:35:48] 触发：向左推动，position=0，锁定 5.0 秒，AY_LOGIC=-0.344213
[2026-04-28 12:35:53] 触发：向右推动，position=1，锁定 5.0 秒，AY_LOGIC=0.045435
[2026-04-28 12:36:00] 触发：向右推动，position=1，锁定 5.0 秒，AY_LOGIC=0.069849
[2026-04-28 12:36:06] 触发：向左推动，position=0，锁定 5.0 秒，AY_LOGIC=-0.142309
[2026-04-28 12:36:13] 触发：向左推动，position=0，锁定 5.0 秒，AY_LOGIC=-0.219702
[2026-04-28 12:36:18] 触发：向右推动，position=1，锁定 5.0 秒，AY_LOGIC=0.059351
[2026-04-28 12:36:24] 触发：向左推动，position=0，锁定 5.0 秒，AY_LOGIC=-0.250219
[2026-04-28 12:36:29] 触发：向右推动，position=1，锁定 5.0 秒，AY_LOGIC=0.061304
[2026-04-28 12:36:36] 触发：向右推动，position=1，锁定 5.0 秒，AY_LOGIC=0.447779
[2026-04-28 12:36:42] 触发：向左推动，position=0，锁定 5.0 秒，AY_LOGIC=-0.078832
[2026-04-28 12:36:48] 触发：向左推动，position=0，锁定 5.0 秒，AY_LOGIC=-0.579565
[2026-04-28 12:36:54] 触发：向左推动，position=0，锁定 5.0 秒，AY_LOGIC=-0.403539
[2026-04-28 12:37:02] 触发：向右推动，position=1，锁定 5.0 秒，AY_LOGIC=1.138209
[2026-04-28 12:37:08] 触发：向左推动，position=0，锁定 5.0 秒，AY_LOGIC=-0.731909
[2026-04-28 12:37:14] 触发：向左推动，position=0，锁定 5.0 秒，AY_LOGIC=-0.731420
[2026-04-28 12:37:20] 触发：向右推动，position=1，锁定 5.0 秒，AY_LOGIC=1.127466
[2026-04-28 12:37:27] 触发：向左推动，position=0，锁定 5.0 秒，AY_LOGIC=-0.099828
[2026-04-28 12:37:33] 触发：向右推动，position=1，锁定 5.0 秒，AY_LOGIC=0.045191
[2026-04-28 12:37:39] 触发：向左推动，position=0，锁定 5.0 秒，AY_LOGIC=-0.097387
[2026-04-28 12:37:46] 触发：向左推动，position=0，锁定 5.0 秒，AY_LOGIC=-0.128393
[2026-04-28 12:37:53] 触发：向右推动，position=1，锁定 5.0 秒，AY_LOGIC=0.061060
[2026-04-28 12:37:59] 触发：向右推动，position=1，锁定 5.0 秒，AY_LOGIC=0.231959
[2026-04-28 12:38:05] 触发：向左推动，position=0，锁定 5.0 秒，AY_LOGIC=-0.299780
[2026-04-28 12:38:10] 触发：向左推动，position=0，锁定 5.0 秒，AY_LOGIC=-0.109106
[2026-04-28 12:38:16] 触发：向右推动，position=1，锁定 5.0 秒，AY_LOGIC=0.290308
[2026-04-28 12:38:22] 触发：向左推动，position=0，锁定 5.0 秒，AY_LOGIC=-0.681860
[2026-04-28 12:38:27] 触发：向左推动，position=0，锁定 5.0 秒，AY_LOGIC=-0.049291
[2026-04-28 12:38:33] 触发：向左推动，position=0，锁定 5.0 秒，AY_LOGIC=-0.887426
[2026-04-28 12:38:39] 触发：向左推动，position=0，锁定 5.0 秒，AY_LOGIC=-0.865942
[2026-04-28 12:38:45] 触发：向左推动，position=0，锁定 5.0 秒，AY_LOGIC=-0.081030
[2026-04-28 12:38:50] 触发：向左推动，position=0，锁定 5.0 秒，AY_LOGIC=-0.259985
[2026-04-28 12:38:55] 触发：向右推动，position=1，锁定 5.0 秒，AY_LOGIC=0.062769
[2026-04-28 12:39:01] 触发：向左推动，position=0，锁定 5.0 秒，AY_LOGIC=-0.478002
[2026-04-28 12:39:07] 触发：向右推动，position=1，锁定 5.0 秒，AY_LOGIC=0.286890
[2026-04-28 12:39:12] 触发：向左推动，position=0，锁定 5.0 秒，AY_LOGIC=-0.047338
[2026-04-28 12:39:18] 触发：向左推动，position=0，锁定 5.0 秒，AY_LOGIC=-0.426244
[2026-04-28 12:39:23] 触发：向右推动，position=1，锁定 5.0 秒，AY_LOGIC=0.052515
[2026-04-28 12:39:26] 程序手动退出
[2026-04-28 12:39:41] MPU6050 + GY-30 手势联合控制程序启动
[2026-04-28 12:39:41] position=1：亮度跟随 GY-30
[2026-04-28 12:39:41] position=0：强制亮度为 0
[2026-04-28 12:39:41] 触发后 5.0 秒不读取 MPU6050
[2026-04-28 12:39:41] DIRECTION=1 RIGHT=0.045 LEFT=-0.045 TRIGGER_COUNT=1
[2026-04-28 12:39:43] 初始 position=0，强制灭屏
[2026-04-28 12:39:44] 触发：向右推动，position=1，锁定 5.0 秒，AY_LOGIC=0.064904
[2026-04-28 12:39:49] 触发：向左推动，position=0，锁定 5.0 秒，AY_LOGIC=-0.755653
[2026-04-28 12:39:55] 触发：向左推动，position=0，锁定 5.0 秒，AY_LOGIC=-0.692176
[2026-04-28 12:40:00] 触发：向左推动，position=0，锁定 5.0 秒，AY_LOGIC=-0.654579
[2026-04-28 12:40:05] 触发：向左推动，position=0，锁定 5.0 秒，AY_LOGIC=-0.706825
[2026-04-28 12:40:10] 触发：向左推动，position=0，锁定 5.0 秒，AY_LOGIC=-0.710731
[2026-04-28 12:40:15] 触发：向左推动，position=0，锁定 5.0 秒，AY_LOGIC=-0.687782
[2026-04-28 12:40:16] 程序手动退出
[2026-04-28 12:42:08] MPU6050 + GY-30 手势联合控制程序启动
[2026-04-28 12:42:08] position=1：亮度跟随 GY-30
[2026-04-28 12:42:08] position=0：强制亮度为 0
[2026-04-28 12:42:08] 触发后 5.0 秒不读取 MPU6050
[2026-04-28 12:42:08] DIRECTION=1 RIGHT=0.045 LEFT=-0.045 TRIGGER_COUNT=1
[2026-04-28 12:42:11] 初始 position=0，强制灭屏
[2026-04-28 12:42:15] 触发：向右推动，position=1，锁定 5.0 秒，AY_LOGIC=0.337377
[2026-04-28 12:42:20] 触发：向左推动，position=0，锁定 5.0 秒，AY_LOGIC=-0.106959
[2026-04-28 12:42:25] 触发：向右推动，position=1，锁定 5.0 秒，AY_LOGIC=0.578344
[2026-04-28 12:42:30] 触发：向右推动，position=1，锁定 5.0 秒，AY_LOGIC=0.606664
[2026-04-28 12:42:35] 触发：向左推动，position=0，锁定 5.0 秒，AY_LOGIC=-0.104517
[2026-04-28 12:42:40] 触发：向左推动，position=0，锁定 5.0 秒，AY_LOGIC=-0.106959
[2026-04-28 12:42:45] 触发：向左推动，position=0，锁定 5.0 秒，AY_LOGIC=-0.066431
[2026-04-28 12:42:50] 触发：向左推动，position=0，锁定 5.0 秒，AY_LOGIC=-0.069117
[2026-04-28 12:42:55] 触发：向左推动，position=0，锁定 5.0 秒，AY_LOGIC=-0.060328
[2026-04-28 12:43:00] 触发：向左推动，position=0，锁定 5.0 秒，AY_LOGIC=-0.067896
[2026-04-28 12:43:05] 触发：向右推动，position=1，锁定 5.0 秒，AY_LOGIC=0.540014
[2026-04-28 12:43:10] 触发：向右推动，position=1，锁定 5.0 秒，AY_LOGIC=0.571752
[2026-04-28 12:43:15] 触发：向右推动，position=1，锁定 5.0 秒，AY_LOGIC=0.577368
[2026-04-28 12:43:20] 触发：向右推动，position=1，锁定 5.0 秒，AY_LOGIC=0.579809
[2026-04-28 12:43:25] 触发：向右推动，position=1，锁定 5.0 秒，AY_LOGIC=0.585668
[2026-04-28 12:43:30] 触发：向右推动，position=1，锁定 5.0 秒，AY_LOGIC=0.582006
[2026-04-28 12:43:35] 触发：向左推动，position=0，锁定 5.0 秒，AY_LOGIC=-0.107447
[2026-04-28 12:43:40] 触发：向左推动，position=0，锁定 5.0 秒，AY_LOGIC=-0.105738
[2026-04-28 12:43:45] 触发：向左推动，position=0，锁定 5.0 秒，AY_LOGIC=-0.074000
[2026-04-28 12:43:51] 触发：向左推动，position=0，锁定 5.0 秒，AY_LOGIC=-0.058863
[2026-04-28 12:43:56] 触发：向左推动，position=0，锁定 5.0 秒，AY_LOGIC=-0.052271
[2026-04-28 12:44:01] 触发：向左推动，position=0，锁定 5.0 秒，AY_LOGIC=-0.082545
[2026-04-28 12:44:06] 触发：向左推动，position=0，锁定 5.0 秒，AY_LOGIC=-0.744654
[2026-04-28 12:44:11] 触发：向右推动，position=1，锁定 5.0 秒，AY_LOGIC=0.259741
[2026-04-28 12:44:16] 触发：向右推动，position=1，锁定 5.0 秒，AY_LOGIC=0.284399
[2026-04-28 12:44:21] 触发：向右推动，position=1，锁定 5.0 秒，AY_LOGIC=0.311987
[2026-04-28 12:44:26] 触发：向左推动，position=0，锁定 5.0 秒，AY_LOGIC=-0.103297
[2026-04-28 12:44:31] 触发：向左推动，position=0，锁定 5.0 秒，AY_LOGIC=-0.176539
[2026-04-28 12:44:36] 触发：向右推动，position=1，锁定 5.0 秒，AY_LOGIC=0.604223
[2026-04-28 12:44:41] 触发：向左推动，position=0，锁定 5.0 秒，AY_LOGIC=-0.177515
[2026-04-28 12:44:46] 触发：向左推动，position=0，锁定 5.0 秒，AY_LOGIC=-0.454859
[2026-04-28 12:44:51] 触发：向右推动，position=1，锁定 5.0 秒，AY_LOGIC=0.340307
[2026-04-28 12:44:56] 触发：向右推动，position=1，锁定 5.0 秒，AY_LOGIC=0.376928
[2026-04-28 12:45:01] 触发：向右推动，position=1，锁定 5.0 秒，AY_LOGIC=0.399633
[2026-04-28 12:45:06] 触发：向右推动，position=1，锁定 5.0 秒，AY_LOGIC=0.408422
[2026-04-28 12:45:11] 触发：向右推动，position=1，锁定 5.0 秒，AY_LOGIC=0.422338
[2026-04-28 12:45:16] 触发：向右推动，position=1，锁定 5.0 秒，AY_LOGIC=0.438207
[2026-04-28 12:45:21] 触发：向右推动，position=1，锁定 5.0 秒，AY_LOGIC=0.144506
[2026-04-28 12:45:26] 触发：向左推动，position=0，锁定 5.0 秒，AY_LOGIC=-0.113550
[2026-04-28 12:45:31] 触发：向左推动，position=0，锁定 5.0 秒，AY_LOGIC=-0.109400
[2026-04-28 12:45:36] 触发：向左推动，position=0，锁定 5.0 秒，AY_LOGIC=-0.108668
[2026-04-28 12:45:41] 触发：向右推动，position=1，锁定 5.0 秒，AY_LOGIC=0.197973
[2026-04-28 12:45:46] 触发：向右推动，position=1，锁定 5.0 秒，AY_LOGIC=0.204565
[2026-04-28 12:45:48] MPU6050 + GY-30 手势联合控制程序启动
[2026-04-28 12:45:48] position=1：亮度跟随 GY-30
[2026-04-28 12:45:48] position=0：强制亮度为 0
[2026-04-28 12:45:48] 触发后 5.0 秒不读取 MPU6050
[2026-04-28 12:45:48] DIRECTION=1 RIGHT=0.045 LEFT=-0.045 TRIGGER_COUNT=1
[2026-04-28 12:45:50] 初始 position=0，强制灭屏
[2026-04-28 12:46:47] 触发：向右推动，position=1，锁定 5.0 秒，AY_LOGIC=0.063658
[2026-04-28 12:46:52] 触发：向右推动，position=1，锁定 5.0 秒，AY_LOGIC=0.048766
[2026-04-28 12:46:57] 触发：向右推动，position=1，锁定 5.0 秒，AY_LOGIC=0.046812
[2026-04-28 12:47:03] 触发：向右推动，position=1，锁定 5.0 秒，AY_LOGIC=0.045103
[2026-04-28 12:47:08] 触发：向右推动，position=1，锁定 5.0 秒，AY_LOGIC=0.045348
[2026-04-28 12:47:13] MPU6050 + GY-30 手势联合控制程序启动
[2026-04-28 12:47:13] position=1：亮度跟随 GY-30
[2026-04-28 12:47:13] position=0：强制亮度为 0
[2026-04-28 12:47:13] 触发后 5.0 秒不读取 MPU6050
[2026-04-28 12:47:13] DIRECTION=1 RIGHT=0.045 LEFT=-0.045 TRIGGER_COUNT=1
[2026-04-28 12:47:15] 初始 position=0，强制灭屏
[2026-04-28 12:47:25] 触发：向右推动，position=1，锁定 5.0 秒，AY_LOGIC=0.075083
[2026-04-28 12:47:30] 触发：向右推动，position=1，锁定 5.0 秒，AY_LOGIC=0.142465
[2026-04-28 12:47:35] 触发：向右推动，position=1，锁定 5.0 秒，AY_LOGIC=0.170542
[2026-04-28 12:47:40] 触发：向右推动，position=1，锁定 5.0 秒，AY_LOGIC=0.181284
[2026-04-28 12:47:45] 触发：向右推动，position=1，锁定 5.0 秒，AY_LOGIC=0.180796
[2026-04-28 12:47:50] 触发：向右推动，position=1，锁定 5.0 秒，AY_LOGIC=0.180796
[2026-04-28 12:47:55] 触发：向右推动，position=1，锁定 5.0 秒，AY_LOGIC=0.166147
[2026-04-28 12:48:00] 触发：向左推动，position=0，锁定 5.0 秒，AY_LOGIC=-0.368277
[2026-04-28 12:48:05] 触发：向左推动，position=0，锁定 5.0 秒，AY_LOGIC=-0.303335
[2026-04-28 12:48:12] 触发：向右推动，position=1，锁定 5.0 秒，AY_LOGIC=0.045542
[2026-04-28 12:48:18] 触发：向右推动，position=1，锁定 5.0 秒，AY_LOGIC=0.080210
[2026-04-28 12:48:23] 触发：向右推动，position=1，锁定 5.0 秒，AY_LOGIC=0.092417
[2026-04-28 12:48:28] 触发：向右推动，position=1，锁定 5.0 秒，AY_LOGIC=0.106088
[2026-04-28 12:48:33] 触发：向右推动，position=1，锁定 5.0 秒，AY_LOGIC=0.111215
[2026-04-28 12:48:38] 触发：向右推动，position=1，锁定 5.0 秒，AY_LOGIC=0.122934
[2026-04-28 12:48:43] 触发：向左推动，position=0，锁定 5.0 秒，AY_LOGIC=-0.356802
[2026-04-28 12:48:48] 触发：向左推动，position=0，锁定 5.0 秒，AY_LOGIC=-0.363150
[2026-04-28 12:48:53] 触发：向左推动，position=0，锁定 5.0 秒，AY_LOGIC=-0.364615
[2026-04-28 12:48:58] 触发：向左推动，position=0，锁定 5.0 秒，AY_LOGIC=-0.373160
[2026-04-28 12:49:03] 触发：向左推动，position=0，锁定 5.0 秒，AY_LOGIC=-0.365103
[2026-04-28 12:49:08] 触发：向左推动，position=0，锁定 5.0 秒，AY_LOGIC=-0.362662
[2026-04-28 12:49:13] 触发：向左推动，position=0，锁定 5.0 秒，AY_LOGIC=-0.362662
[2026-04-28 12:49:18] 触发：向左推动，position=0，锁定 5.0 秒，AY_LOGIC=-0.369742
[2026-04-28 12:49:23] 触发：向左推动，position=0，锁定 5.0 秒，AY_LOGIC=-0.368521
[2026-04-28 12:49:28] 触发：向左推动，position=0，锁定 5.0 秒，AY_LOGIC=-0.366568
[2026-04-28 12:49:33] 触发：向左推动，position=0，锁定 5.0 秒，AY_LOGIC=-0.373648
[2026-04-28 12:49:38] 触发：向左推动，position=0，锁定 5.0 秒，AY_LOGIC=-0.367056
[2026-04-28 12:49:43] 触发：向左推动，position=0，锁定 5.0 秒，AY_LOGIC=-0.365347
[2026-04-28 12:49:48] 触发：向左推动，position=0，锁定 5.0 秒，AY_LOGIC=-0.372915
[2026-04-28 12:49:50] MPU6050 + GY-30 手势联合控制程序启动
[2026-04-28 12:49:50] position=1：亮度跟随 GY-30
[2026-04-28 12:49:50] position=0：强制亮度为 0
[2026-04-28 12:49:50] 触发后 5.0 秒不读取 MPU6050
[2026-04-28 12:49:50] DIRECTION=1 RIGHT=0.045 LEFT=-0.045 TRIGGER_COUNT=1
[2026-04-28 12:49:53] 初始 position=0，强制灭屏
[2026-04-28 12:55:30] 触发：向左推动，position=0，锁定 5.0 秒，AY_LOGIC=-0.500388
[2026-04-28 12:55:35] 触发：向右推动，position=1，锁定 5.0 秒，AY_LOGIC=0.046243
[2026-04-28 12:55:40] 触发：向右推动，position=1，锁定 5.0 秒，AY_LOGIC=0.049905
[2026-04-28 12:55:45] 触发：向右推动，position=1，锁定 5.0 秒，AY_LOGIC=0.048684
[2026-04-28 12:55:54] 触发：向右推动，position=1，锁定 5.0 秒，AY_LOGIC=0.050881
[2026-04-28 12:56:00] 触发：向左推动，position=0，锁定 5.0 秒，AY_LOGIC=-0.122214
[2026-04-28 12:56:05] 触发：向左推动，position=0，锁定 5.0 秒，AY_LOGIC=-1.277488
[2026-04-28 12:56:10] 触发：向右推动，position=1，锁定 5.0 秒，AY_LOGIC=0.281594
[2025-06-26 14:58:44] MPU6050 + GY-30 手势联合控制程序启动
[2025-06-26 14:58:44] position=1：亮度跟随 GY-30
[2025-06-26 14:58:44] position=0：强制亮度为 0
[2025-06-26 14:58:44] 触发后 5.0 秒不读取 MPU6050
[2025-06-26 14:58:44] DIRECTION=1 RIGHT=0.045 LEFT=-0.045 TRIGGER_COUNT=1
[2025-06-26 14:58:47] 初始 position=0，强制灭屏
[2025-06-26 14:58:56] 触发：向右推动，position=1，锁定 5.0 秒，AY_LOGIC=0.097791
[2026-04-28 12:57:04] 触发：向左推动，position=0，锁定 5.0 秒，AY_LOGIC=-1.565295
[2026-04-28 12:57:11] 触发：向右推动，position=1，锁定 5.0 秒，AY_LOGIC=0.439587
[2026-04-28 12:57:19] 触发：向左推动，position=0，锁定 5.0 秒，AY_LOGIC=-0.510852
[2026-04-28 12:57:25] 触发：向右推动，position=1，锁定 5.0 秒，AY_LOGIC=0.409558
[2026-04-28 12:57:42] 触发：向左推动，position=0，锁定 5.0 秒，AY_LOGIC=-0.095325
[2026-04-28 12:57:48] 触发：向右推动，position=1，锁定 5.0 秒，AY_LOGIC=0.318005
[2026-04-28 12:57:53] 触发：向右推动，position=1，锁定 5.0 秒，AY_LOGIC=0.220593
[2026-04-28 12:57:59] 触发：向右推动，position=1，锁定 5.0 秒，AY_LOGIC=0.058972
[2026-04-28 12:58:05] 触发：向左推动，position=0，锁定 5.0 秒，AY_LOGIC=-0.071887
[2026-04-28 12:58:13] 触发：向左推动，position=0，锁定 5.0 秒，AY_LOGIC=-0.051135
[2026-04-28 12:58:22] 触发：向右推动，position=1，锁定 5.0 秒，AY_LOGIC=0.055798
[2026-04-28 12:58:29] 触发：向右推动，position=1，锁定 5.0 秒，AY_LOGIC=0.046521
[2026-04-28 12:58:46] 触发：向左推动，position=0，锁定 5.0 秒，AY_LOGIC=-0.142688
[2025-06-26 14:58:45] MPU6050 + GY-30 手势联合控制程序启动
[2025-06-26 14:58:45] position=1：亮度跟随 GY-30
[2025-06-26 14:58:45] position=0：强制亮度为 0
[2025-06-26 14:58:45] 触发后 5.0 秒不读取 MPU6050
[2025-06-26 14:58:45] DIRECTION=1 RIGHT=0.045 LEFT=-0.045 TRIGGER_COUNT=1
[2025-06-26 14:58:47] 初始 position=0，强制灭屏
[2025-06-26 14:58:51] 触发：向右推动，position=1，锁定 5.0 秒，AY_LOGIC=0.050068
[2026-05-01 06:28:11] 触发：向右推动，position=1，锁定 5.0 秒，AY_LOGIC=0.125507
[2026-05-01 06:28:18] 触发：向右推动，position=1，锁定 5.0 秒，AY_LOGIC=0.106464
[2026-05-01 06:28:54] 触发：向右推动，position=1，锁定 5.0 秒，AY_LOGIC=0.061298
[2026-05-01 06:29:17] 触发：向右推动，position=1，锁定 5.0 秒，AY_LOGIC=0.052021
[2026-05-01 06:29:38] 触发：向右推动，position=1，锁定 5.0 秒，AY_LOGIC=0.045185
[2026-05-01 06:29:47] 触发：向右推动，position=1，锁定 5.0 秒，AY_LOGIC=0.047870
[2026-05-01 06:29:59] 触发：向右推动，position=1，锁定 5.0 秒，AY_LOGIC=0.047870
[2025-06-26 14:58:45] MPU6050 + GY-30 手势联合控制程序启动
[2025-06-26 14:58:45] position=1：亮度跟随 GY-30
[2025-06-26 14:58:45] position=0：强制亮度为 0
[2025-06-26 14:58:45] 触发后 5.0 秒不读取 MPU6050
[2025-06-26 14:58:45] DIRECTION=1 RIGHT=0.045 LEFT=-0.045 TRIGGER_COUNT=1
[2025-06-26 14:58:47] 初始 position=0，强制灭屏
[2025-06-26 14:58:49] 触发：向右推动，position=1，锁定 5.0 秒，AY_LOGIC=0.137395
[2025-06-26 14:58:54] 触发：向左推动，position=0，锁定 5.0 秒，AY_LOGIC=-0.119929
[2025-06-26 14:59:27] 触发：向左推动，position=0，锁定 5.0 秒，AY_LOGIC=-0.179744
[2026-05-01 06:32:57] 触发：向右推动，position=1，锁定 5.0 秒，AY_LOGIC=0.046575
[2026-05-01 06:36:21] 触发：向右推动，position=1，锁定 5.0 秒，AY_LOGIC=0.049748
[2026-05-01 06:36:29] 触发：向右推动，position=1，锁定 5.0 秒，AY_LOGIC=0.067815
[2026-05-01 06:36:50] 触发：向右推动，position=1，锁定 5.0 秒，AY_LOGIC=0.055852
[2026-05-01 06:36:56] 触发：向右推动，position=1，锁定 5.0 秒，AY_LOGIC=0.046819
[2026-05-01 06:37:19] 触发：向右推动，position=1，锁定 5.0 秒，AY_LOGIC=0.054387
[2026-05-01 06:37:37] 触发：向右推动，position=1，锁定 5.0 秒，AY_LOGIC=0.059026
[2026-05-01 06:37:45] 触发：向右推动，position=1，锁定 5.0 秒，AY_LOGIC=0.179143
[2026-05-01 06:38:01] 触发：向右推动，position=1，锁定 5.0 秒，AY_LOGIC=0.098821
[2026-05-01 06:38:06] 触发：向右推动，position=1，锁定 5.0 秒，AY_LOGIC=0.052678
[2026-05-01 06:38:11] 触发：向右推动，position=1，锁定 5.0 秒，AY_LOGIC=0.050481
[2026-05-01 06:38:16] 触发：向右推动，position=1，锁定 5.0 秒，AY_LOGIC=0.056828
[2026-05-01 06:38:21] 触发：向右推动，position=1，锁定 5.0 秒，AY_LOGIC=0.046575
[2026-05-01 06:38:26] 触发：向右推动，position=1，锁定 5.0 秒，AY_LOGIC=0.048528
[2026-05-01 06:38:31] 触发：向右推动，position=1，锁定 5.0 秒，AY_LOGIC=0.046086
[2026-05-01 06:38:37] 触发：向右推动，position=1，锁定 5.0 秒，AY_LOGIC=0.047307
[2026-05-01 06:38:42] 触发：向右推动，position=1，锁定 5.0 秒，AY_LOGIC=0.045110
[2026-05-01 06:38:47] 触发：向右推动，position=1，锁定 5.0 秒，AY_LOGIC=0.047307
[2026-05-01 06:38:52] 触发：向右推动，position=1，锁定 5.0 秒，AY_LOGIC=0.048528
[2026-05-01 06:38:57] 触发：向右推动，position=1，锁定 5.0 秒，AY_LOGIC=0.055364
[2026-05-01 06:39:03] 触发：向右推动，position=1，锁定 5.0 秒，AY_LOGIC=0.048528
[2026-05-01 06:39:08] 触发：向右推动，position=1，锁定 5.0 秒，AY_LOGIC=0.045110
[2026-05-01 06:39:13] 触发：向右推动，position=1，锁定 5.0 秒，AY_LOGIC=0.047307
[2026-05-01 06:39:19] 触发：向右推动，position=1，锁定 5.0 秒，AY_LOGIC=0.046819
[2026-05-01 06:39:24] 触发：向右推动，position=1，锁定 5.0 秒，AY_LOGIC=0.053655
[2026-05-01 06:39:30] 触发：向右推动，position=1，锁定 5.0 秒，AY_LOGIC=0.047063
[2026-05-01 06:39:35] 触发：向右推动，position=1，锁定 5.0 秒，AY_LOGIC=0.048284
[2026-05-01 06:39:40] 触发：向右推动，position=1，锁定 5.0 秒，AY_LOGIC=0.047307
[2026-05-01 06:39:45] 触发：向右推动，position=1，锁定 5.0 秒，AY_LOGIC=0.047795
[2026-05-01 06:39:50] 触发：向右推动，position=1，锁定 5.0 秒，AY_LOGIC=0.050725
[2026-05-01 06:39:57] 触发：向右推动，position=1，锁定 5.0 秒，AY_LOGIC=0.047307
[2026-05-01 06:40:03] 触发：向右推动，position=1，锁定 5.0 秒，AY_LOGIC=0.045842
[2026-05-01 06:40:08] 触发：向右推动，position=1，锁定 5.0 秒，AY_LOGIC=0.046819
[2026-05-01 06:40:13] 触发：向右推动，position=1，锁定 5.0 秒，AY_LOGIC=0.047795
[2026-05-01 06:40:18] 触发：向右推动，position=1，锁定 5.0 秒，AY_LOGIC=0.049992
[2026-05-01 06:40:24] 触发：向右推动，position=1，锁定 5.0 秒，AY_LOGIC=0.052434
[2026-05-01 06:40:29] 触发：向右推动，position=1，锁定 5.0 秒，AY_LOGIC=0.048039
[2026-05-01 06:40:34] 触发：向右推动，position=1，锁定 5.0 秒，AY_LOGIC=0.046575
[2026-05-01 06:40:40] 触发：向右推动，position=1，锁定 5.0 秒，AY_LOGIC=0.047063
[2026-05-01 06:40:45] 触发：向右推动，position=1，锁定 5.0 秒，AY_LOGIC=0.046575
[2026-05-01 06:40:50] 触发：向右推动，position=1，锁定 5.0 秒，AY_LOGIC=0.045110
[2026-05-01 06:40:55] 触发：向右推动，position=1，锁定 5.0 秒，AY_LOGIC=0.046819
[2026-05-01 06:41:02] 触发：向右推动，position=1，锁定 5.0 秒，AY_LOGIC=0.046086
[2026-05-01 06:41:20] 触发：向右推动，position=1，锁定 5.0 秒，AY_LOGIC=0.050237
[2026-05-01 06:41:33] 触发：向右推动，position=1，锁定 5.0 秒，AY_LOGIC=0.045354
[2026-05-01 06:41:56] 触发：向右推动，position=1，锁定 5.0 秒，AY_LOGIC=0.047795
[2026-05-01 06:42:12] 触发：向右推动，position=1，锁定 5.0 秒，AY_LOGIC=0.048528
[2026-05-01 06:42:27] 触发：向右推动，position=1，锁定 5.0 秒，AY_LOGIC=0.047551
[2026-05-01 06:42:38] 触发：向右推动，position=1，锁定 5.0 秒，AY_LOGIC=0.059026
[2026-05-01 06:42:53] 触发：向右推动，position=1，锁定 5.0 秒，AY_LOGIC=0.052434
[2026-05-01 06:43:10] 触发：向右推动，position=1，锁定 5.0 秒，AY_LOGIC=0.045598
[2026-05-01 06:43:16] 触发：向右推动，position=1，锁定 5.0 秒，AY_LOGIC=0.047307
[2026-05-01 06:43:22] 触发：向右推动，position=1，锁定 5.0 秒，AY_LOGIC=0.045354
[2026-05-01 06:43:27] 触发：向右推动，position=1，锁定 5.0 秒，AY_LOGIC=0.048772
[2026-05-01 06:43:40] 触发：向右推动，position=1，锁定 5.0 秒，AY_LOGIC=0.053166
[2026-05-01 06:43:46] 触发：向右推动，position=1，锁定 5.0 秒，AY_LOGIC=0.203557
[2026-05-01 06:46:02] 触发：向右推动，position=1，锁定 5.0 秒，AY_LOGIC=0.080266
[2026-05-01 06:51:00] 触发：向左推动，position=0，锁定 5.0 秒，AY_LOGIC=-0.074519
[2026-05-01 06:52:10] 触发：向左推动，position=0，锁定 5.0 秒，AY_LOGIC=-0.075740
[2026-05-01 06:54:21] 触发：向右推动，position=1，锁定 5.0 秒，AY_LOGIC=0.045842
[2026-05-01 06:56:59] 触发：向右推动，position=1，锁定 5.0 秒，AY_LOGIC=0.108830
[2026-05-01 06:58:23] 触发：向左推动，position=0，锁定 5.0 秒，AY_LOGIC=-0.133357
[2026-05-01 07:04:02] 触发：向右推动，position=1，锁定 5.0 秒，AY_LOGIC=0.066106
[2026-05-01 07:07:08] 触发：向左推动，position=0，锁定 5.0 秒，AY_LOGIC=-0.058650
[2026-05-01 07:07:13] 触发：向右推动，position=1，锁定 5.0 秒，AY_LOGIC=0.135442
[2026-05-01 07:07:18] 触发：向右推动，position=1，锁定 5.0 秒，AY_LOGIC=0.054631
[2026-05-01 07:07:23] 触发：向右推动，position=1，锁定 5.0 秒，AY_LOGIC=0.125920
[2026-05-01 07:07:29] 触发：向左推动，position=0，锁定 5.0 秒，AY_LOGIC=-0.718074
[2026-05-01 07:07:35] 触发：向右推动，position=1，锁定 5.0 秒，AY_LOGIC=0.048284
[2026-05-01 07:07:40] 触发：向右推动，position=1，锁定 5.0 秒，AY_LOGIC=0.046819
[2026-05-01 07:07:45] 触发：向右推动，position=1，锁定 5.0 秒，AY_LOGIC=0.841496
[2026-05-01 07:07:50] 触发：向右推动，position=1，锁定 5.0 秒，AY_LOGIC=0.045598
[2026-05-01 07:08:31] 触发：向左推动，position=0，锁定 5.0 秒，AY_LOGIC=-0.046443
[2026-05-01 07:08:36] 触发：向左推动，position=0，锁定 5.0 秒，AY_LOGIC=-0.045711
[2026-05-01 07:08:41] 触发：向左推动，position=0，锁定 5.0 秒，AY_LOGIC=-0.045711
[2026-05-01 07:08:46] 触发：向左推动，position=0，锁定 5.0 秒，AY_LOGIC=-0.045222
[2026-05-01 07:08:52] 触发：向左推动，position=0，锁定 5.0 秒，AY_LOGIC=-0.048884
[2026-05-01 07:08:57] 触发：向左推动，position=0，锁定 5.0 秒，AY_LOGIC=-0.045955
[2026-05-01 07:09:03] 触发：向左推动，position=0，锁定 5.0 秒，AY_LOGIC=-0.045222
[2026-05-01 07:09:08] 触发：向左推动，position=0，锁定 5.0 秒，AY_LOGIC=-0.049861
[2026-05-01 07:09:16] 触发：向左推动，position=0，锁定 5.0 秒，AY_LOGIC=-0.046443
[2026-05-01 07:09:21] 触发：向左推动，position=0，锁定 5.0 秒，AY_LOGIC=-0.094295
[2026-05-01 07:09:26] 触发：向左推动，position=0，锁定 5.0 秒，AY_LOGIC=-0.049617
[2026-05-01 07:09:31] 触发：向左推动，position=0，锁定 5.0 秒，AY_LOGIC=-0.047664
[2026-05-01 07:09:50] 触发：向左推动，position=0，锁定 5.0 秒，AY_LOGIC=-0.063045
[2026-05-01 07:09:55] 触发：向左推动，position=0，锁定 5.0 秒，AY_LOGIC=-0.051570
[2026-05-01 07:10:00] 触发：向左推动，position=0，锁定 5.0 秒，AY_LOGIC=-0.047175
[2026-05-01 07:10:07] 触发：向左推动，position=0，锁定 5.0 秒，AY_LOGIC=-0.045711
[2026-05-01 07:10:12] 触发：向左推动，position=0，锁定 5.0 秒，AY_LOGIC=-0.048884
[2026-05-01 07:10:17] 触发：向左推动，position=0，锁定 5.0 秒，AY_LOGIC=-0.047664
[2026-05-01 07:10:23] 触发：向左推动，position=0，锁定 5.0 秒，AY_LOGIC=-0.046687
[2026-05-01 07:10:28] 触发：向左推动，position=0，锁定 5.0 秒，AY_LOGIC=-0.047175
[2026-05-01 07:10:33] 触发：向左推动，position=0，锁定 5.0 秒，AY_LOGIC=-0.046931
[2026-05-01 07:10:38] 触发：向左推动，position=0，锁定 5.0 秒，AY_LOGIC=-0.048884
[2026-05-01 07:10:44] 触发：向左推动，position=0，锁定 5.0 秒，AY_LOGIC=-0.047420
[2026-05-01 07:10:49] 触发：向左推动，position=0，锁定 5.0 秒，AY_LOGIC=-0.055720
[2026-05-01 07:10:54] 触发：向左推动，position=0，锁定 5.0 秒，AY_LOGIC=-0.047908
[2026-05-01 07:10:59] 触发：向左推动，position=0，锁定 5.0 秒，AY_LOGIC=-0.067927
[2026-05-01 07:11:15] MPU6050 + GY-30 手势联合控制程序启动
[2026-05-01 07:11:15] position=1：亮度跟随 GY-30
[2026-05-01 07:11:15] position=0：强制亮度为 0
[2026-05-01 07:11:15] 触发后 5.0 秒不读取 MPU6050
[2026-05-01 07:11:15] DIRECTION=1 RIGHT=0.045 LEFT=-0.045 TRIGGER_COUNT=1
[2026-05-01 07:11:17] 初始 position=0，强制灭屏
[2026-05-01 07:12:28] 触发：向右推动，position=1，锁定 5.0 秒，AY_LOGIC=0.076310
[2026-05-01 07:13:37] 触发：向左推动，position=0，锁定 5.0 秒，AY_LOGIC=-0.132186
[2026-05-01 07:14:31] 触发：向右推动，position=1，锁定 5.0 秒，AY_LOGIC=0.047257
[2026-05-01 07:17:27] 触发：向右推动，position=1，锁定 5.0 秒，AY_LOGIC=0.047745
[2026-05-01 07:22:55] 触发：向左推动，position=0，锁定 5.0 秒，AY_LOGIC=-0.066757
[2026-05-01 07:24:10] 触发：向左推动，position=0，锁定 5.0 秒，AY_LOGIC=-0.050399
[2026-05-01 07:25:04] 触发：向左推动，position=0，锁定 5.0 秒，AY_LOGIC=-0.047714
[2026-05-01 07:25:27] 触发：向左推动，position=0，锁定 5.0 秒，AY_LOGIC=-0.099228
[2026-05-01 07:25:32] 触发：向左推动，position=0，锁定 5.0 秒，AY_LOGIC=-0.067978
[2025-06-26 14:58:45] MPU6050 + GY-30 手势联合控制程序启动
[2025-06-26 14:58:45] position=1：亮度跟随 GY-30
[2025-06-26 14:58:45] position=0：强制亮度为 0
[2025-06-26 14:58:45] 触发后 5.0 秒不读取 MPU6050
[2025-06-26 14:58:45] DIRECTION=1 RIGHT=0.045 LEFT=-0.045 TRIGGER_COUNT=1
[2025-06-26 14:58:48] 初始 position=0，强制灭屏
[2026-05-01 07:29:47] 触发：向右推动，position=1，锁定 5.0 秒，AY_LOGIC=0.121476
[2026-05-01 07:35:17] 触发：向右推动，position=1，锁定 5.0 秒，AY_LOGIC=0.051407
[2026-05-01 07:35:22] 触发：向右推动，position=1，锁定 5.0 秒，AY_LOGIC=0.077286
[2026-05-01 07:42:27] 触发：向右推动，position=1，锁定 5.0 秒，AY_LOGIC=0.049454
[2026-05-01 07:42:33] 触发：向右推动，position=1，锁定 5.0 秒，AY_LOGIC=0.045304
[2026-05-01 07:44:09] 触发：向右推动，position=1，锁定 5.0 秒，AY_LOGIC=0.056534
[2026-05-01 07:44:16] 触发：向右推动，position=1，锁定 5.0 秒，AY_LOGIC=0.048233
[2026-05-01 07:45:08] 触发：向右推动，position=1，锁定 5.0 秒，AY_LOGIC=0.045060
[2026-05-01 07:46:38] 触发：向右推动，position=1，锁定 5.0 秒，AY_LOGIC=0.047745
[2026-05-01 07:48:13] 触发：向右推动，position=1，锁定 5.0 秒，AY_LOGIC=0.174942
[2026-05-01 07:49:06] 触发：向右推动，position=1，锁定 5.0 秒，AY_LOGIC=0.057022
[2026-05-01 07:53:12] 触发：向右推动，position=1，锁定 5.0 秒，AY_LOGIC=0.049942
[2026-05-01 07:56:33] 触发：向右推动，position=1，锁定 5.0 秒，AY_LOGIC=0.139298
[2026-05-01 07:57:33] 触发：向右推动，position=1，锁定 5.0 秒，AY_LOGIC=0.072892
[2026-05-01 07:57:55] 触发：向右推动，position=1，锁定 5.0 秒，AY_LOGIC=0.149064
[2026-05-01 07:58:00] 触发：向左推动，position=0，锁定 5.0 秒，AY_LOGIC=-0.244003
[2026-05-01 07:58:05] 触发：向左推动，position=0，锁定 5.0 秒，AY_LOGIC=-0.219345
[2026-05-01 07:58:10] 触发：向左推动，position=0，锁定 5.0 秒，AY_LOGIC=-0.615585
[2026-05-01 07:58:15] 触发：向左推动，position=0，锁定 5.0 秒，AY_LOGIC=-0.289657
[2026-05-01 07:58:20] 触发：向左推动，position=0，锁定 5.0 秒，AY_LOGIC=-0.290878
[2026-05-01 07:58:25] 触发：向左推动，position=0，锁定 5.0 秒，AY_LOGIC=-0.492050
[2026-05-01 07:58:30] 触发：向左推动，position=0，锁定 5.0 秒，AY_LOGIC=-0.601669
[2026-05-01 07:58:35] 触发：向左推动，position=0，锁定 5.0 秒，AY_LOGIC=-0.183212
[2026-05-01 07:58:40] 触发：向左推动，position=0，锁定 5.0 秒，AY_LOGIC=-0.140731
[2026-05-01 07:58:45] 触发：向左推动，position=0，锁定 5.0 秒，AY_LOGIC=-0.129989
[2026-05-01 07:58:50] 触发：向左推动，position=0，锁定 5.0 秒，AY_LOGIC=-0.126083
[2026-05-01 07:58:55] 触发：向左推动，position=0，锁定 5.0 秒，AY_LOGIC=-0.116317
[2026-05-01 07:59:00] 触发：向左推动，position=0，锁定 5.0 秒，AY_LOGIC=-0.105575
[2026-05-01 07:59:05] 触发：向左推动，position=0，锁定 5.0 秒，AY_LOGIC=-0.104843
[2026-05-01 07:59:10] 触发：向左推动，position=0，锁定 5.0 秒，AY_LOGIC=-0.090438
[2026-05-01 07:59:15] 触发：向左推动，position=0，锁定 5.0 秒，AY_LOGIC=-0.093856
[2026-05-01 07:59:20] 触发：向左推动，position=0，锁定 5.0 秒，AY_LOGIC=-0.095810
[2026-05-01 07:59:25] 触发：向左推动，position=0，锁定 5.0 秒，AY_LOGIC=-0.087509
[2025-06-26 14:58:45] MPU6050 + GY-30 手势联合控制程序启动
[2025-06-26 14:58:45] position=1：亮度跟随 GY-30
[2025-06-26 14:58:45] position=0：强制亮度为 0
[2025-06-26 14:58:45] 触发后 5.0 秒不读取 MPU6050
[2025-06-26 14:58:45] DIRECTION=1 RIGHT=0.045 LEFT=-0.045 TRIGGER_COUNT=1
[2025-06-26 14:58:48] 初始 position=0，强制灭屏
[2025-06-26 14:58:52] 触发：向左推动，position=0，锁定 5.0 秒，AY_LOGIC=-0.045779
[2025-06-26 14:58:59] 触发：向左推动，position=0，锁定 5.0 秒，AY_LOGIC=-0.192508
[2025-06-26 14:59:07] 触发：向左推动，position=0，锁定 5.0 秒，AY_LOGIC=-0.046268
[2025-06-26 14:59:12] 触发：向左推动，position=0，锁定 5.0 秒，AY_LOGIC=-0.048221
[2025-06-26 14:59:17] 触发：向左推动，position=0，锁定 5.0 秒，AY_LOGIC=-0.095096
[2025-06-26 14:59:22] 触发：向左推动，position=0，锁定 5.0 秒，AY_LOGIC=-0.098514
[2025-06-26 14:59:27] 触发：向左推动，position=0，锁定 5.0 秒，AY_LOGIC=-0.194461
[2026-05-01 08:00:39] 触发：向左推动，position=0，锁定 5.0 秒，AY_LOGIC=-0.194217
                                                                                               [2025-06-26 14:58:45] MPU6050 + GY-30 手势联合控制程序启动
[2025-06-26 14:58:45] position=1：亮度跟随 GY-30
[2025-06-26 14:58:45] position=0：强制亮度为 0
[2025-06-26 14:58:45] 触发后 5.0 秒不读取 MPU6050
[2025-06-26 14:58:45] DIRECTION=1 RIGHT=0.045 LEFT=-0.045 TRIGGER_COUNT=1
[2025-06-26 14:58:48] 初始 position=0，强制灭屏
[2025-06-26 14:58:50] 触发：向左推动，position=0，锁定 5.0 秒，AY_LOGIC=-0.054254
[2025-06-26 14:58:56] 触发：向左推动，position=0，锁定 5.0 秒，AY_LOGIC=-0.061090
[2025-06-26 14:59:01] 触发：向右推动，position=1，锁定 5.0 秒，AY_LOGIC=0.296332
[2025-06-26 14:59:06] 触发：向右推动，position=1，锁定 5.0 秒，AY_LOGIC=0.058051
[2025-06-26 14:59:11] 触发：向右推动，position=1，锁定 5.0 秒，AY_LOGIC=0.065619
[2025-06-26 14:59:16] 触发：向右推动，position=1，锁定 5.0 秒，AY_LOGIC=0.061957
[2025-06-26 14:59:21] 触发：向右推动，position=1，锁定 5.0 秒，AY_LOGIC=0.072699
[2026-05-01 08:02:34] 触发：向右推动，position=1，锁定 5.0 秒，AY_LOGIC=0.066595
[2026-05-01 08:02:39] 触发：向左推动，position=0，锁定 5.0 秒，AY_LOGIC=-0.298639
[2026-05-01 08:02:44] 触发：向右推动，position=1，锁定 5.0 秒，AY_LOGIC=0.078070
[2026-05-01 08:02:49] 触发：向右推动，position=1，锁定 5.0 秒，AY_LOGIC=0.045111
[2026-05-01 08:02:54] 触发：向右推动，position=1，锁定 5.0 秒，AY_LOGIC=0.045355
[2026-05-01 08:03:06] 触发：向右推动，position=1，锁定 5.0 秒，AY_LOGIC=0.045355
[2026-05-01 08:03:14] 触发：向右推动，position=1，锁定 5.0 秒，AY_LOGIC=0.046576
[2026-05-01 08:03:34] 触发：向右推动，position=1，锁定 5.0 秒，AY_LOGIC=0.045355
[2026-05-01 08:04:11] 触发：向右推动，position=1，锁定 5.0 秒，AY_LOGIC=0.061713
[2026-05-01 08:04:16] 触发：向右推动，position=1，锁定 5.0 秒，AY_LOGIC=0.193060
[2026-05-01 08:04:21] 触发：向右推动，position=1，锁定 5.0 秒，AY_LOGIC=0.288519
[2026-05-01 08:04:26] 触发：向右推动，position=1，锁定 5.0 秒，AY_LOGIC=0.159857
[2026-05-01 08:04:31] 触发：向右推动，position=1，锁定 5.0 秒，AY_LOGIC=0.084174
[2026-05-01 08:04:36] 触发：向左推动，position=0，锁定 5.0 秒，AY_LOGIC=-0.050836
[2026-05-01 08:04:41] 触发：向左推动，position=0，锁定 5.0 秒，AY_LOGIC=-0.164850
[2026-05-01 08:04:46] 触发：向右推动，position=1，锁定 5.0 秒，AY_LOGIC=0.117865
[2026-05-01 08:04:51] 触发：向右推动，position=1，锁定 5.0 秒，AY_LOGIC=0.226996
[2026-05-01 08:04:56] 触发：向右推动，position=1，锁定 5.0 秒，AY_LOGIC=0.216498
[2026-05-01 08:05:01] 触发：向右推动，position=1，锁定 5.0 秒，AY_LOGIC=0.217230
[2026-05-01 08:05:06] 触发：向右推动，position=1，锁定 5.0 秒，AY_LOGIC=0.216986
[2026-05-01 08:05:11] 触发：向右推动，position=1，锁定 5.0 秒，AY_LOGIC=0.213324
[2026-05-01 08:05:16] 触发：向右推动，position=1，锁定 5.0 秒，AY_LOGIC=0.210883
[2026-05-01 08:05:21] 触发：向右推动，position=1，锁定 5.0 秒，AY_LOGIC=0.211371
[2026-05-01 08:05:26] 触发：向右推动，position=1，锁定 5.0 秒，AY_LOGIC=0.220892
[2026-05-01 08:05:32] 触发：向右推动，position=1，锁定 5.0 秒，AY_LOGIC=0.215033
[2026-05-01 08:05:37] 触发：向右推动，position=1，锁定 5.0 秒，AY_LOGIC=0.220648
[2026-05-01 08:05:42] 触发：向右推动，position=1，锁定 5.0 秒，AY_LOGIC=0.216986
[2026-05-01 08:05:47] 触发：向右推动，position=1，锁定 5.0 秒，AY_LOGIC=0.208929
[2026-05-01 08:05:52] 触发：向右推动，position=1，锁定 5.0 秒，AY_LOGIC=0.210638
[2026-05-01 08:05:57] 触发：向右推动，position=1，锁定 5.0 秒，AY_LOGIC=0.211127
[2026-05-01 08:06:02] 触发：向右推动，position=1，锁定 5.0 秒，AY_LOGIC=0.209906
[2026-05-01 08:06:07] 触发：向右推动，position=1，锁定 5.0 秒，AY_LOGIC=0.200385
[2026-05-01 08:06:12] 触发：向右推动，position=1，锁定 5.0 秒，AY_LOGIC=0.193304
[2026-05-01 08:06:17] 触发：向右推动，position=1，锁定 5.0 秒，AY_LOGIC=0.189642
[2026-05-01 08:06:22] 触发：向右推动，position=1，锁定 5.0 秒，AY_LOGIC=0.196234
[2026-05-01 08:06:27] 触发：向右推动，position=1，锁定 5.0 秒，AY_LOGIC=0.190375
[2026-05-01 08:06:32] 触发：向右推动，position=1，锁定 5.0 秒，AY_LOGIC=0.191351
[2026-05-01 08:06:37] 触发：向右推动，position=1，锁定 5.0 秒，AY_LOGIC=0.186957
[2026-05-01 08:06:42] 触发：向右推动，position=1，锁定 5.0 秒，AY_LOGIC=0.194281
[2026-05-01 08:06:47] 触发：向右推动，position=1，锁定 5.0 秒，AY_LOGIC=0.191351
[2026-05-01 08:06:52] 触发：向右推动，position=1，锁定 5.0 秒，AY_LOGIC=0.195502
[2026-05-01 08:06:57] 触发：向右推动，position=1，锁定 5.0 秒，AY_LOGIC=0.184515
[2026-05-01 08:07:02] 触发：向右推动，position=1，锁定 5.0 秒，AY_LOGIC=0.186224
[2026-05-01 08:07:07] 触发：向右推动，position=1，锁定 5.0 秒，AY_LOGIC=0.184760
[2026-05-01 08:07:12] 触发：向右推动，position=1，锁定 5.0 秒，AY_LOGIC=0.186957
[2026-05-01 08:07:17] 触发：向右推动，position=1，锁定 5.0 秒，AY_LOGIC=0.188177
[2026-05-01 08:07:22] 触发：向右推动，position=1，锁定 5.0 秒，AY_LOGIC=0.186957
[2026-05-01 08:07:27] 触发：向右推动，position=1，锁定 5.0 秒，AY_LOGIC=0.189154
[2026-05-01 08:07:32] 触发：向右推动，position=1，锁定 5.0 秒，AY_LOGIC=0.198676
[2026-05-01 08:07:37] 触发：向右推动，position=1，锁定 5.0 秒，AY_LOGIC=0.181097
[2026-05-01 08:07:42] 触发：向右推动，position=1，锁定 5.0 秒，AY_LOGIC=0.186224
[2026-05-01 08:07:47] 触发：向右推动，position=1，锁定 5.0 秒，AY_LOGIC=0.185492
[2026-05-01 08:07:52] 触发：向右推动，position=1，锁定 5.0 秒，AY_LOGIC=0.186469
[2026-05-01 08:07:57] 触发：向右推动，position=1，锁定 5.0 秒，AY_LOGIC=0.177679
[2026-05-01 08:08:02] 触发：向右推动，position=1，锁定 5.0 秒，AY_LOGIC=0.185248
[2026-05-01 08:08:07] 触发：向右推动，position=1，锁定 5.0 秒，AY_LOGIC=0.178900
[2026-05-01 08:08:13] 触发：向右推动，position=1，锁定 5.0 秒，AY_LOGIC=0.178656
[2026-05-01 08:08:18] 触发：向右推动，position=1，锁定 5.0 秒，AY_LOGIC=0.176459
[2026-05-01 08:08:23] 触发：向右推动，position=1，锁定 5.0 秒，AY_LOGIC=0.179144
[2026-05-01 08:08:28] 触发：向右推动，position=1，锁定 5.0 秒，AY_LOGIC=0.173529
[2026-05-01 08:08:33] 触发：向右推动，position=1，锁定 5.0 秒，AY_LOGIC=0.171332
[2026-05-01 08:08:38] 触发：向右推动，position=1，锁定 5.0 秒，AY_LOGIC=0.174506
[2026-05-01 08:08:43] 触发：向右推动，position=1，锁定 5.0 秒，AY_LOGIC=0.175238
[2026-05-01 08:08:48] 触发：向右推动，position=1，锁定 5.0 秒，AY_LOGIC=0.173773
[2026-05-01 08:08:53] 触发：向右推动，position=1，锁定 5.0 秒，AY_LOGIC=0.178900
[2026-05-01 08:08:58] 触发：向右推动，position=1，锁定 5.0 秒，AY_LOGIC=0.166693
[2026-05-01 08:09:03] 触发：向右推动，position=1，锁定 5.0 秒，AY_LOGIC=0.176459
[2026-05-01 08:09:08] 触发：向右推动，position=1，锁定 5.0 秒，AY_LOGIC=0.170355
[2026-05-01 08:09:13] 触发：向右推动，position=1，锁定 5.0 秒，AY_LOGIC=0.175482
[2026-05-01 08:09:18] 触发：向右推动，position=1，锁定 5.0 秒，AY_LOGIC=0.168402
[2026-05-01 08:09:23] 触发：向右推动，position=1，锁定 5.0 秒，AY_LOGIC=0.167670
[2026-05-01 08:09:28] 触发：向右推动，position=1，锁定 5.0 秒，AY_LOGIC=0.169379
[2026-05-01 08:09:33] 触发：向右推动，position=1，锁定 5.0 秒，AY_LOGIC=0.171820
[2026-05-01 08:09:38] 触发：向右推动，position=1，锁定 5.0 秒，AY_LOGIC=0.169379
[2026-05-01 08:09:43] 触发：向右推动，position=1，锁定 5.0 秒，AY_LOGIC=0.174994
[2026-05-01 08:09:48] 触发：向右推动，position=1，锁定 5.0 秒，AY_LOGIC=0.172308
[2026-05-01 08:09:53] 触发：向右推动，position=1，锁定 5.0 秒，AY_LOGIC=0.166693
[2026-05-01 08:09:58] 触发：向右推动，position=1，锁定 5.0 秒，AY_LOGIC=0.176459
[2026-05-01 08:10:03] 触发：向右推动，position=1，锁定 5.0 秒，AY_LOGIC=0.172308
[2026-05-01 08:10:08] 触发：向右推动，position=1，锁定 5.0 秒，AY_LOGIC=0.170599
[2026-05-01 08:10:13] 触发：向右推动，position=1，锁定 5.0 秒，AY_LOGIC=0.166693
[2026-05-01 08:10:18] 触发：向右推动，position=1，锁定 5.0 秒，AY_LOGIC=0.171088
[2026-05-01 08:10:23] 触发：向右推动，position=1，锁定 5.0 秒，AY_LOGIC=0.164252
[2026-05-01 08:10:28] 触发：向右推动，position=1，锁定 5.0 秒，AY_LOGIC=0.168158
[2026-05-01 08:10:33] 触发：向右推动，position=1，锁定 5.0 秒，AY_LOGIC=0.167181
[2026-05-01 08:10:39] 触发：向右推动，position=1，锁定 5.0 秒，AY_LOGIC=0.167914
[2026-05-01 08:10:44] 触发：向右推动，position=1，锁定 5.0 秒，AY_LOGIC=0.165228
[2026-05-01 08:10:49] 触发：向右推动，position=1，锁定 5.0 秒，AY_LOGIC=0.172797
[2026-05-01 08:10:54] 触发：向右推动，position=1，锁定 5.0 秒，AY_LOGIC=0.170844
[2026-05-01 08:10:59] 触发：向右推动，position=1，锁定 5.0 秒，AY_LOGIC=0.163763
[2026-05-01 08:11:04] 触发：向右推动，position=1，锁定 5.0 秒，AY_LOGIC=0.167670
[2026-05-01 08:11:09] 触发：向右推动，position=1，锁定 5.0 秒，AY_LOGIC=0.172797
[2026-05-01 08:11:14] 触发：向右推动，position=1，锁定 5.0 秒，AY_LOGIC=0.180609
[2026-05-01 08:11:19] 触发：向右推动，position=1，锁定 5.0 秒，AY_LOGIC=0.173773
[2026-05-01 08:11:24] 触发：向右推动，position=1，锁定 5.0 秒，AY_LOGIC=0.183295
[2026-05-01 08:11:29] 触发：向右推动，position=1，锁定 5.0 秒，AY_LOGIC=0.185736
[2026-05-01 08:11:34] 触发：向右推动，position=1，锁定 5.0 秒，AY_LOGIC=0.170355
[2026-05-01 08:11:39] 触发：向右推动，position=1，锁定 5.0 秒，AY_LOGIC=0.171332
[2026-05-01 08:11:44] 触发：向右推动，position=1，锁定 5.0 秒，AY_LOGIC=0.175238
[2026-05-01 08:11:49] 触发：向右推动，position=1，锁定 5.0 秒，AY_LOGIC=0.173041
[2026-05-01 08:11:54] 触发：向右推动，position=1，锁定 5.0 秒，AY_LOGIC=0.166937
[2026-05-01 08:11:59] 触发：向右推动，position=1，锁定 5.0 秒，AY_LOGIC=0.172308
[2026-05-01 08:12:04] 触发：向右推动，position=1，锁定 5.0 秒，AY_LOGIC=0.182806
[2026-05-01 08:12:09] 触发：向右推动，position=1，锁定 5.0 秒，AY_LOGIC=0.189642
[2026-05-01 08:12:14] 触发：向右推动，position=1，锁定 5.0 秒，AY_LOGIC=0.181097
[2026-05-01 08:12:19] 触发：向右推动，position=1，锁定 5.0 秒，AY_LOGIC=0.187689
[2026-05-01 08:12:24] 触发：向右推动，position=1，锁定 5.0 秒，AY_LOGIC=0.181097
[2026-05-01 08:12:29] 触发：向右推动，position=1，锁定 5.0 秒，AY_LOGIC=0.187933
[2026-05-01 08:12:34] 触发：向右推动，position=1，锁定 5.0 秒，AY_LOGIC=0.186469
[2026-05-01 08:12:39] 触发：向右推动，position=1，锁定 5.0 秒，AY_LOGIC=0.180853
[2026-05-01 08:12:44] 触发：向右推动，position=1，锁定 5.0 秒，AY_LOGIC=0.184760
[2026-05-01 08:12:49] 触发：向右推动，position=1，锁定 5.0 秒，AY_LOGIC=0.186469
[2026-05-01 08:12:54] 触发：向右推动，position=1，锁定 5.0 秒，AY_LOGIC=0.182074
[2026-05-01 08:12:59] 触发：向右推动，position=1，锁定 5.0 秒，AY_LOGIC=0.185492
[2026-05-01 08:13:04] 触发：向右推动，position=1，锁定 5.0 秒，AY_LOGIC=0.195258
[2026-05-01 08:13:09] 触发：向右推动，position=1，锁定 5.0 秒，AY_LOGIC=0.194769
[2026-05-01 08:13:15] 触发：向右推动，position=1，锁定 5.0 秒，AY_LOGIC=0.194037
[2026-05-01 08:13:20] 触发：向右推动，position=1，锁定 5.0 秒，AY_LOGIC=0.197699
[2026-05-01 08:13:25] 触发：向右推动，position=1，锁定 5.0 秒，AY_LOGIC=0.199164
[2026-05-01 08:13:30] 触发：向右推动，position=1，锁定 5.0 秒，AY_LOGIC=0.195746
[2026-05-01 08:13:35] 触发：向右推动，position=1，锁定 5.0 秒，AY_LOGIC=0.198187
[2026-05-01 08:13:40] 触发：向右推动，position=1，锁定 5.0 秒，AY_LOGIC=0.199896
[2026-05-01 08:13:45] 触发：向右推动，position=1，锁定 5.0 秒，AY_LOGIC=0.193060
[2026-05-01 08:13:50] 触发：向右推动，position=1，锁定 5.0 秒，AY_LOGIC=0.195258
[2026-05-01 08:13:55] 触发：向右推动，position=1，锁定 5.0 秒，AY_LOGIC=0.197455
[2026-05-01 08:14:00] 触发：向右推动，position=1，锁定 5.0 秒，AY_LOGIC=0.191107
[2026-05-01 08:14:05] 触发：向右推动，position=1，锁定 5.0 秒，AY_LOGIC=0.192084
[2026-05-01 08:14:10] 触发：向右推动，position=1，锁定 5.0 秒，AY_LOGIC=0.209906
[2026-05-01 08:14:15] 触发：向右推动，position=1，锁定 5.0 秒，AY_LOGIC=0.217719
[2026-05-01 08:14:20] 触发：向右推动，position=1，锁定 5.0 秒，AY_LOGIC=0.213324
[2026-05-01 08:14:25] 触发：向右推动，position=1，锁定 5.0 秒，AY_LOGIC=0.213324
[2026-05-01 08:14:30] 触发：向右推动，position=1，锁定 5.0 秒，AY_LOGIC=0.209662
[2026-05-01 08:14:35] 触发：向右推动，position=1，锁定 5.0 秒，AY_LOGIC=0.213568
[2026-05-01 08:14:40] 触发：向右推动，position=1，锁定 5.0 秒，AY_LOGIC=0.215521
[2026-05-01 08:14:45] 触发：向右推动，position=1，锁定 5.0 秒，AY_LOGIC=0.211127
[2026-05-01 08:14:50] 触发：向右推动，position=1，锁定 5.0 秒，AY_LOGIC=0.186469
[2026-05-01 08:14:55] 触发：向右推动，position=1，锁定 5.0 秒，AY_LOGIC=0.192328
[2026-05-01 08:15:00] 触发：向右推动，position=1，锁定 5.0 秒，AY_LOGIC=0.190619
[2026-05-01 08:15:05] 触发：向右推动，position=1，锁定 5.0 秒，AY_LOGIC=0.185980
[2026-05-01 08:15:10] 触发：向右推动，position=1，锁定 5.0 秒，AY_LOGIC=0.188422
[2026-05-01 08:15:15] 触发：向右推动，position=1，锁定 5.0 秒，AY_LOGIC=0.190375
[2026-05-01 08:15:20] 触发：向右推动，position=1，锁定 5.0 秒，AY_LOGIC=0.187445
[2026-05-01 08:15:25] 触发：向右推动，position=1，锁定 5.0 秒，AY_LOGIC=0.189154
[2026-05-01 08:15:30] 触发：向右推动，position=1，锁定 5.0 秒，AY_LOGIC=0.187201
[2026-05-01 08:15:35] 触发：向右推动，position=1，锁定 5.0 秒，AY_LOGIC=0.192572
[2026-05-01 08:15:40] 触发：向右推动，position=1，锁定 5.0 秒，AY_LOGIC=0.187933
[2026-05-01 08:15:46] 触发：向右推动，position=1，锁定 5.0 秒，AY_LOGIC=0.191840
[2026-05-01 08:15:51] 触发：向右推动，position=1，锁定 5.0 秒，AY_LOGIC=0.191351
[2026-05-01 08:15:56] 触发：向右推动，position=1，锁定 5.0 秒，AY_LOGIC=0.185004
[2026-05-01 08:16:01] 触发：向右推动，position=1，锁定 5.0 秒，AY_LOGIC=0.179388
[2026-05-01 08:16:06] 触发：向右推动，position=1，锁定 5.0 秒，AY_LOGIC=0.186469
[2026-05-01 08:16:11] 触发：向右推动，position=1，锁定 5.0 秒，AY_LOGIC=0.178168
[2026-05-01 08:16:16] 触发：向右推动，position=1，锁定 5.0 秒，AY_LOGIC=0.172797
[2026-05-01 08:16:21] 触发：向右推动，position=1，锁定 5.0 秒，AY_LOGIC=0.173529
[2026-05-01 08:16:26] 触发：向右推动，position=1，锁定 5.0 秒，AY_LOGIC=0.170355
[2026-05-01 08:16:31] 触发：向右推动，position=1，锁定 5.0 秒，AY_LOGIC=0.170355
[2026-05-01 08:16:36] 触发：向右推动，position=1，锁定 5.0 秒，AY_LOGIC=0.177191
[2026-05-01 08:16:41] 触发：向右推动，position=1，锁定 5.0 秒，AY_LOGIC=0.180365
[2026-05-01 08:16:46] 触发：向右推动，position=1，锁定 5.0 秒，AY_LOGIC=0.180365
[2026-05-01 08:16:51] 触发：向右推动，position=1，锁定 5.0 秒，AY_LOGIC=0.181342
[2026-05-01 08:16:56] 触发：向右推动，position=1，锁定 5.0 秒，AY_LOGIC=0.175726
[2026-05-01 08:17:01] 触发：向右推动，position=1，锁定 5.0 秒，AY_LOGIC=0.173285
[2026-05-01 08:17:06] 触发：向右推动，position=1，锁定 5.0 秒，AY_LOGIC=0.171088
[2026-05-01 08:17:11] 触发：向右推动，position=1，锁定 5.0 秒，AY_LOGIC=0.172797
[2026-05-01 08:17:16] 触发：向右推动，position=1，锁定 5.0 秒，AY_LOGIC=0.167914
[2026-05-01 08:17:21] 触发：向右推动，position=1，锁定 5.0 秒，AY_LOGIC=0.169379
[2026-05-01 08:17:26] 触发：向右推动，position=1，锁定 5.0 秒，AY_LOGIC=0.173285
[2026-05-01 08:17:31] 触发：向右推动，position=1，锁定 5.0 秒，AY_LOGIC=0.177191
[2026-05-01 08:17:36] 触发：向右推动，position=1，锁定 5.0 秒，AY_LOGIC=0.179144
[2026-05-01 08:17:41] 触发：向右推动，position=1，锁定 5.0 秒，AY_LOGIC=0.175726
[2026-05-01 08:17:46] 触发：向右推动，position=1，锁定 5.0 秒，AY_LOGIC=0.171820
[2026-05-01 08:17:51] 触发：向右推动，position=1，锁定 5.0 秒，AY_LOGIC=0.178900
[2026-05-01 08:17:56] 触发：向右推动，position=1，锁定 5.0 秒，AY_LOGIC=0.173773
[2026-05-01 08:18:01] 触发：向右推动，position=1，锁定 5.0 秒，AY_LOGIC=0.180609
[2026-05-01 08:18:06] 触发：向右推动，position=1，锁定 5.0 秒，AY_LOGIC=0.176703
[2026-05-01 08:18:11] 触发：向右推动，position=1，锁定 5.0 秒，AY_LOGIC=0.171576
[2026-05-01 08:18:16] 触发：向右推动，position=1，锁定 5.0 秒，AY_LOGIC=0.167426
[2026-05-01 08:18:21] 触发：向右推动，position=1，锁定 5.0 秒，AY_LOGIC=0.171088
[2026-05-01 08:18:26] 触发：向右推动，position=1，锁定 5.0 秒，AY_LOGIC=0.175482
[2026-05-01 08:18:31] 触发：向右推动，position=1，锁定 5.0 秒，AY_LOGIC=0.175970
[2026-05-01 08:18:37] 触发：向右推动，position=1，锁定 5.0 秒，AY_LOGIC=0.172308
[2026-05-01 08:18:42] 触发：向右推动，position=1，锁定 5.0 秒，AY_LOGIC=0.171820
[2026-05-01 08:18:47] 触发：向右推动，position=1，锁定 5.0 秒，AY_LOGIC=0.218939
[2026-05-01 08:18:52] 触发：向右推动，position=1，锁定 5.0 秒，AY_LOGIC=0.214545
[2026-05-01 08:18:57] 触发：向右推动，position=1，锁定 5.0 秒，AY_LOGIC=0.208685
[2026-05-01 08:19:02] 触发：向右推动，position=1，锁定 5.0 秒，AY_LOGIC=0.208929
[2026-05-01 08:19:07] 触发：向右推动，position=1，锁定 5.0 秒，AY_LOGIC=0.213324
[2026-05-01 08:19:12] 触发：向右推动，position=1，锁定 5.0 秒，AY_LOGIC=0.204779
[2026-05-01 08:19:17] 触发：向右推动，position=1，锁定 5.0 秒，AY_LOGIC=0.211371
[2026-05-01 08:19:22] 触发：向右推动，position=1，锁定 5.0 秒，AY_LOGIC=0.206244
[2026-05-01 08:19:27] 触发：向右推动，position=1，锁定 5.0 秒，AY_LOGIC=0.192572
[2025-06-26 14:58:45] MPU6050 + GY-30 手势联合控制程序启动
[2025-06-26 14:58:45] position=1：亮度跟随 GY-30
[2025-06-26 14:58:45] position=0：强制亮度为 0
[2025-06-26 14:58:45] 触发后 5.0 秒不读取 MPU6050
[2025-06-26 14:58:45] DIRECTION=1 RIGHT=0.045 LEFT=-0.045 TRIGGER_COUNT=1
[2025-06-26 14:58:47] 初始 position=0，强制灭屏
[2025-06-26 14:58:53] 触发：向左推动，position=0，锁定 5.0 秒，AY_LOGIC=-0.077117
[2025-06-26 14:58:58] 触发：向左推动，position=0，锁定 5.0 秒，AY_LOGIC=-0.467010
[2025-06-26 14:59:03] 触发：向左推动，position=0，锁定 5.0 秒，AY_LOGIC=-0.140838
[2025-06-26 14:59:08] 触发：向左推动，position=0，锁定 5.0 秒，AY_LOGIC=-0.157684
[2025-06-26 14:59:13] 触发：向左推动，position=0，锁定 5.0 秒，AY_LOGIC=-0.140594
                                                                                               [2025-06-26 14:58:45] MPU6050 + GY-30 手势联合控制程序启动
[2025-06-26 14:58:45] position=1：亮度跟随 GY-30
[2025-06-26 14:58:45] position=0：强制亮度为 0
[2025-06-26 14:58:45] 触发后 5.0 秒不读取 MPU6050
[2025-06-26 14:58:45] DIRECTION=1 RIGHT=0.045 LEFT=-0.045 TRIGGER_COUNT=1
[2025-06-26 14:58:47] 初始 position=0，强制灭屏
[2025-06-26 14:58:57] 触发：向左推动，position=0，锁定 5.0 秒，AY_LOGIC=-1.988782
[2025-06-26 14:59:02] 触发：向左推动，position=0，锁定 5.0 秒，AY_LOGIC=-0.304944
[2025-06-26 14:59:07] 触发：向右推动，position=1，锁定 5.0 秒，AY_LOGIC=0.411120
[2025-06-26 14:59:12] 触发：向右推动，position=1，锁定 5.0 秒，AY_LOGIC=0.418445
[2025-06-26 14:59:17] 触发：向右推动，position=1，锁定 5.0 秒，AY_LOGIC=0.437976
[2025-06-26 14:59:22] 触发：向右推动，position=1，锁定 5.0 秒，AY_LOGIC=0.456286
[2025-06-26 14:59:27] 触发：向右推动，position=1，锁定 5.0 秒，AY_LOGIC=0.471667
[2026-05-01 08:37:05] 触发：向右推动，position=1，锁定 5.0 秒，AY_LOGIC=0.465808
[2026-05-01 08:37:10] 触发：向右推动，position=1，锁定 5.0 秒，AY_LOGIC=0.478991
[2026-05-01 08:37:15] 触发：向右推动，position=1，锁定 5.0 秒，AY_LOGIC=0.482898
[2026-05-01 08:37:20] 触发：向右推动，position=1，锁定 5.0 秒，AY_LOGIC=0.490222
[2026-05-01 08:37:25] 触发：向右推动，position=1，锁定 5.0 秒，AY_LOGIC=0.515857
[2026-05-01 08:37:30] 触发：向右推动，position=1，锁定 5.0 秒，AY_LOGIC=0.506091
[2026-05-01 08:37:35] 触发：向右推动，position=1，锁定 5.0 秒，AY_LOGIC=0.531237
[2026-05-01 08:37:40] 触发：向右推动，position=1，锁定 5.0 秒，AY_LOGIC=0.527087
[2026-05-01 08:37:45] 触发：向右推动，position=1，锁定 5.0 秒，AY_LOGIC=0.534411
[2026-05-01 08:37:50] 触发：向右推动，position=1，锁定 5.0 秒，AY_LOGIC=0.528552
[2026-05-01 08:37:55] 触发：向右推动，position=1，锁定 5.0 秒，AY_LOGIC=0.534900
[2026-05-01 08:38:00] 触发：向右推动，position=1，锁定 5.0 秒，AY_LOGIC=0.527820
[2026-05-01 08:38:05] 触发：向右推动，position=1，锁定 5.0 秒，AY_LOGIC=0.528308
[2026-05-01 08:38:10] 触发：向右推动，position=1，锁定 5.0 秒，AY_LOGIC=0.530749
[2026-05-01 08:38:15] 触发：向右推动，position=1，锁定 5.0 秒，AY_LOGIC=0.533923
[2026-05-01 08:38:20] 触发：向右推动，position=1，锁定 5.0 秒，AY_LOGIC=0.527820
[2026-05-01 08:38:25] 触发：向右推动，position=1，锁定 5.0 秒，AY_LOGIC=0.531726
[2026-05-01 08:38:30] 触发：向右推动，position=1，锁定 5.0 秒，AY_LOGIC=0.534167
[2026-05-01 08:38:35] 触发：向右推动，position=1，锁定 5.0 秒，AY_LOGIC=0.536120
[2026-05-01 08:38:40] 触发：向右推动，position=1，锁定 5.0 秒，AY_LOGIC=0.535144
[2026-05-01 08:38:45] 触发：向右推动，position=1，锁定 5.0 秒，AY_LOGIC=0.534900
[2026-05-01 08:38:50] 触发：向右推动，position=1，锁定 5.0 秒，AY_LOGIC=0.525866
[2026-05-01 08:38:55] 触发：向右推动，position=1，锁定 5.0 秒，AY_LOGIC=0.532214
[2026-05-01 08:39:00] 触发：向右推动，position=1，锁定 5.0 秒，AY_LOGIC=0.529040
[2026-05-01 08:39:05] 触发：向右推动，position=1，锁定 5.0 秒，AY_LOGIC=0.530505
[2026-05-01 08:39:10] 触发：向右推动，position=1，锁定 5.0 秒，AY_LOGIC=0.554187
[2026-05-01 08:39:15] 触发：向右推动，position=1，锁定 5.0 秒，AY_LOGIC=0.530993
[2026-05-01 08:39:20] 触发：向右推动，position=1，锁定 5.0 秒，AY_LOGIC=0.524402
[2026-05-01 08:39:25] 触发：向右推动，position=1，锁定 5.0 秒，AY_LOGIC=0.527575
[2026-05-01 08:39:31] 触发：向右推动，position=1，锁定 5.0 秒，AY_LOGIC=0.481433
[2026-05-01 08:39:36] 触发：向右推动，position=1，锁定 5.0 秒，AY_LOGIC=0.510974
[2026-05-01 08:39:41] 触发：向右推动，position=1，锁定 5.0 秒，AY_LOGIC=0.516833
[2026-05-01 08:39:46] 触发：向右推动，position=1，锁定 5.0 秒，AY_LOGIC=0.505847
[2026-05-01 08:39:51] 触发：向右推动，position=1，锁定 5.0 秒，AY_LOGIC=0.506823
[2026-05-01 08:39:56] 触发：向右推动，position=1，锁定 5.0 秒，AY_LOGIC=0.510241
[2026-05-01 08:40:01] 触发：向右推动，position=1，锁定 5.0 秒，AY_LOGIC=0.503650
[2026-05-01 08:40:06] 触发：向右推动，position=1，锁定 5.0 秒，AY_LOGIC=0.510241
[2026-05-01 08:40:11] 触发：向右推动，position=1，锁定 5.0 秒，AY_LOGIC=0.504382
[2026-05-01 08:40:16] 触发：向右推动，position=1，锁定 5.0 秒，AY_LOGIC=0.510974
[2026-05-01 08:40:21] 触发：向右推动，position=1，锁定 5.0 秒，AY_LOGIC=0.501696
[2026-05-01 08:40:26] 触发：向右推动，position=1，锁定 5.0 秒，AY_LOGIC=0.506823
[2026-05-01 08:40:31] 触发：向右推动，position=1，锁定 5.0 秒，AY_LOGIC=0.502673
[2026-05-01 08:40:36] 触发：向右推动，position=1，锁定 5.0 秒，AY_LOGIC=0.519519
[2026-05-01 08:40:41] 触发：向右推动，position=1，锁定 5.0 秒，AY_LOGIC=0.515857
[2026-05-01 08:40:46] 触发：向右推动，position=1，锁定 5.0 秒，AY_LOGIC=0.510974
[2026-05-01 08:40:51] 触发：向右推动，position=1，锁定 5.0 秒，AY_LOGIC=0.499499
[2026-05-01 08:40:56] 触发：向右推动，position=1，锁定 5.0 秒，AY_LOGIC=0.507556
[2026-05-01 08:41:01] 触发：向右推动，position=1，锁定 5.0 秒，AY_LOGIC=0.506823
[2026-05-01 08:41:06] 触发：向右推动，position=1，锁定 5.0 秒，AY_LOGIC=0.510241
[2026-05-01 08:41:11] 触发：向右推动，position=1，锁定 5.0 秒，AY_LOGIC=0.507556
[2026-05-01 08:41:16] 触发：向右推动，position=1，锁定 5.0 秒，AY_LOGIC=0.512683
[2026-05-01 08:41:21] 触发：向右推动，position=1，锁定 5.0 秒，AY_LOGIC=0.502185
[2026-05-01 08:41:26] 触发：向右推动，position=1，锁定 5.0 秒，AY_LOGIC=0.499987
[2026-05-01 08:41:31] 触发：向右推动，position=1，锁定 5.0 秒，AY_LOGIC=0.491931
[2025-06-26 14:58:45] MPU6050 + GY-30 手势联合控制程序启动
[2025-06-26 14:58:45] position=1：亮度跟随 GY-30
[2025-06-26 14:58:45] position=0：强制亮度为 0
[2025-06-26 14:58:45] 触发后 5.0 秒不读取 MPU6050
[2025-06-26 14:58:45] DIRECTION=1 RIGHT=0.045 LEFT=-0.045 TRIGGER_COUNT=1
[2025-06-26 14:58:47] 初始 position=0，强制灭屏
[2026-05-01 08:45:33] 触发：向左推动，position=0，锁定 5.0 秒，AY_LOGIC=-1.781801
[2026-05-01 08:45:39] 触发：向右推动，position=1，锁定 5.0 秒，AY_LOGIC=0.048766
[2026-05-01 08:45:48] 触发：向右推动，position=1，锁定 5.0 秒，AY_LOGIC=0.052916
[2026-05-01 08:47:18] 触发：向右推动，position=1，锁定 5.0 秒，AY_LOGIC=0.049742
[2026-05-01 08:47:23] 触发：向右推动，position=1，锁定 5.0 秒，AY_LOGIC=0.045592
[2026-05-01 08:47:34] 触发：向右推动，position=1，锁定 5.0 秒，AY_LOGIC=0.253111
[2026-05-01 08:47:41] 触发：向右推动，position=1，锁定 5.0 秒，AY_LOGIC=0.052672
[2026-05-01 08:48:03] 触发：向右推动，position=1，锁定 5.0 秒，AY_LOGIC=0.050963
[2026-05-01 08:48:09] 触发：向右推动，position=1，锁定 5.0 秒，AY_LOGIC=0.092223
[2026-05-01 08:48:34] 触发：向右推动，position=1，锁定 5.0 秒，AY_LOGIC=0.074889
                                                                                                                                                                                                                                                                                           [2025-06-26 14:58:45] MPU6050 + GY-30 手势联合控制程序启动
[2025-06-26 14:58:45] position=1：亮度跟随 GY-30
[2025-06-26 14:58:45] position=0：强制亮度为 0
[2025-06-26 14:58:45] 触发后 5.0 秒不读取 MPU6050
[2025-06-26 14:58:45] DIRECTION=1 RIGHT=0.045 LEFT=-0.045 TRIGGER_COUNT=1
[2025-06-26 14:58:47] 初始 position=0，强制灭屏
[2025-06-26 14:59:12] 触发：向左推动，position=0，锁定 5.0 秒，AY_LOGIC=-0.046161
[2026-05-02 01:34:13] 触发：向右推动，position=1，锁定 5.0 秒，AY_LOGIC=0.056866
[2026-05-02 01:35:23] 触发：向左推动，position=0，锁定 5.0 秒，AY_LOGIC=-0.057880
[2026-05-02 01:36:39] 触发：向左推动，position=0，锁定 5.0 秒，AY_LOGIC=-0.045429
[2026-05-02 01:37:11] 触发：向左推动，position=0，锁定 5.0 秒，AY_LOGIC=-0.054462
[2026-05-02 01:37:18] 触发：向左推动，position=0，锁定 5.0 秒，AY_LOGIC=-0.048359
[2026-05-02 01:38:13] 触发：向右推动，position=1，锁定 5.0 秒，AY_LOGIC=0.078106
[2026-05-02 01:38:20] 触发：向右推动，position=1，锁定 5.0 秒，AY_LOGIC=0.051739
[2026-05-02 01:38:39] 触发：向左推动，position=0，锁定 5.0 秒，AY_LOGIC=-0.104755
[2025-06-26 14:58:45] MPU6050 + GY-30 手势联合控制程序启动
[2025-06-26 14:58:45] position=1：亮度跟随 GY-30
[2025-06-26 14:58:45] position=0：强制亮度为 0
[2025-06-26 14:58:45] 触发后 5.0 秒不读取 MPU6050
[2025-06-26 14:58:45] DIRECTION=1 RIGHT=0.045 LEFT=-0.045 TRIGGER_COUNT=1
[2025-06-26 14:58:48] 初始 position=0，强制灭屏
[2025-06-26 14:58:45] MPU6050 + GY-30 手势联合控制程序启动
[2025-06-26 14:58:45] position=1：亮度跟随 GY-30
[2025-06-26 14:58:45] position=0：强制亮度为 0
[2025-06-26 14:58:45] 触发后 5.0 秒不读取 MPU6050
[2025-06-26 14:58:45] DIRECTION=1 RIGHT=0.045 LEFT=-0.045 TRIGGER_COUNT=1
[2025-06-26 14:58:48] 初始 position=0，强制灭屏
[2025-06-26 14:58:45] MPU6050 + GY-30 手势联合控制程序启动
[2025-06-26 14:58:45] position=1：亮度跟随 GY-30
[2025-06-26 14:58:45] position=0：强制亮度为 0
[2025-06-26 14:58:45] 触发后 5.0 秒不读取 MPU6050
[2025-06-26 14:58:45] DIRECTION=1 RIGHT=0.045 LEFT=-0.045 TRIGGER_COUNT=1
[2025-06-26 14:58:47] 初始 position=0，强制灭屏
[2025-06-26 14:59:16] 触发：向右推动，position=1，锁定 5.0 秒，AY_LOGIC=0.047601
[2026-05-02 01:43:03] 触发：向左推动，position=0，锁定 5.0 秒，AY_LOGIC=-0.048102
[2026-05-02 01:44:12] 触发：向左推动，position=0，锁定 5.0 秒，AY_LOGIC=-0.534186
[2026-05-02 01:44:17] 触发：向右推动，position=1，锁定 5.0 秒，AY_LOGIC=0.047113
[2026-05-02 01:45:16] 触发：向右推动，position=1，锁定 5.0 秒，AY_LOGIC=0.094476
[2026-05-02 01:45:22] 触发：向左推动，position=0，锁定 5.0 秒，AY_LOGIC=-0.104254
[2026-05-02 01:45:30] 触发：向右推动，position=1，锁定 5.0 秒，AY_LOGIC=0.055414
[2026-05-02 01:45:35] 触发：向右推动，position=1，锁定 5.0 秒，AY_LOGIC=0.056879
[2026-05-02 01:45:40] 触发：向右推动，position=1，锁定 5.0 秒，AY_LOGIC=0.046869
[2026-05-02 01:45:45] 触发：向右推动，position=1，锁定 5.0 秒，AY_LOGIC=0.050775
[2026-05-02 01:45:50] 触发：向右推动，position=1，锁定 5.0 秒，AY_LOGIC=0.055170
[2026-05-02 01:45:55] 触发：向右推动，position=1，锁定 5.0 秒，AY_LOGIC=0.048089
[2026-05-02 01:46:00] 触发：向右推动，position=1，锁定 5.0 秒，AY_LOGIC=0.052240
[2026-05-02 01:46:05] 触发：向右推动，position=1，锁定 5.0 秒，AY_LOGIC=0.046136
[2026-05-02 01:46:10] 触发：向右推动，position=1，锁定 5.0 秒，AY_LOGIC=0.053461
[2026-05-02 01:46:15] 触发：向右推动，position=1，锁定 5.0 秒，AY_LOGIC=0.048089
[2026-05-02 01:46:21] 触发：向右推动，position=1，锁定 5.0 秒，AY_LOGIC=0.047845
[2026-05-02 01:46:26] 触发：向右推动，position=1，锁定 5.0 秒，AY_LOGIC=0.059808
[2026-05-02 01:46:31] 触发：向右推动，position=1，锁定 5.0 秒，AY_LOGIC=0.045404
[2026-05-02 01:46:37] 触发：向右推动，position=1，锁定 5.0 秒，AY_LOGIC=0.045892
[2026-05-02 01:46:44] 触发：向右推动，position=1，锁定 5.0 秒，AY_LOGIC=0.045404
[2026-05-02 01:46:49] 触发：向右推动，position=1，锁定 5.0 秒，AY_LOGIC=0.046625
                                                                                                                   [2025-06-26 14:58:45] MPU6050 + GY-30 手势联合控制程序启动
[2025-06-26 14:58:45] position=1：亮度跟随 GY-30
[2025-06-26 14:58:45] position=0：强制亮度为 0
[2025-06-26 14:58:45] 触发后 5.0 秒不读取 MPU6050
[2025-06-26 14:58:45] DIRECTION=1 RIGHT=0.045 LEFT=-0.045 TRIGGER_COUNT=1
[2025-06-26 14:58:48] 初始 position=0，强制灭屏
[2026-05-02 01:50:51] 触发：向右推动，position=1，锁定 5.0 秒，AY_LOGIC=0.073536
[2026-05-02 01:50:56] 触发：向右推动，position=1，锁定 5.0 秒，AY_LOGIC=0.112843
[2026-05-02 01:51:03] 触发：向左推动，position=0，锁定 5.0 秒，AY_LOGIC=-0.049999
[2026-05-02 01:52:56] 触发：向右推动，position=1，锁定 5.0 秒，AY_LOGIC=0.273488
[2026-05-02 01:54:05] 触发：向右推动，position=1，锁定 5.0 秒，AY_LOGIC=0.071827
[2026-05-02 01:54:13] 触发：向左推动，position=0，锁定 5.0 秒，AY_LOGIC=-0.282665
[2026-05-02 01:54:27] 触发：向右推动，position=1，锁定 5.0 秒，AY_LOGIC=0.428273
[2026-05-02 01:54:56] 触发：向右推动，position=1，锁定 5.0 秒，AY_LOGIC=0.050831
[2026-05-02 01:55:01] 触发：向左推动，position=0，锁定 5.0 秒，AY_LOGIC=-0.051219
[2026-05-02 01:55:06] 触发：向左推动，position=0，锁定 5.0 秒，AY_LOGIC=-0.070751
[2026-05-02 01:55:11] 触发：向左推动，position=0，锁定 5.0 秒，AY_LOGIC=-0.075389
[2026-05-02 01:55:16] 触发：向左推动，position=0，锁定 5.0 秒，AY_LOGIC=-0.066600
[2026-05-02 01:55:21] 触发：向左推动，position=0，锁定 5.0 秒，AY_LOGIC=-0.065868
[2026-05-02 01:55:26] 触发：向左推动，position=0，锁定 5.0 秒，AY_LOGIC=-0.072216
[2026-05-02 01:55:31] 触发：向左推动，position=0，锁定 5.0 秒，AY_LOGIC=-0.074657
[2026-05-02 01:55:36] 触发：向左推动，position=0，锁定 5.0 秒，AY_LOGIC=-0.064647
[2026-05-02 01:55:41] 触发：向左推动，position=0，锁定 5.0 秒，AY_LOGIC=-0.072216
[2026-05-02 01:55:46] 触发：向左推动，position=0，锁定 5.0 秒，AY_LOGIC=-0.066112
[2026-05-02 01:55:51] 触发：向左推动，position=0，锁定 5.0 秒，AY_LOGIC=-0.058300
[2026-05-02 01:55:56] 触发：向左推动，position=0，锁定 5.0 秒，AY_LOGIC=-0.055858
[2026-05-02 01:56:01] 触发：向左推动，position=0，锁定 5.0 秒，AY_LOGIC=-0.062450
[2026-05-02 01:56:06] 触发：向左推动，position=0，锁定 5.0 秒，AY_LOGIC=-0.060497
[2026-05-02 01:56:11] 触发：向左推动，position=0，锁定 5.0 秒，AY_LOGIC=-0.062450
[2026-05-02 01:56:16] 触发：向左推动，position=0，锁定 5.0 秒，AY_LOGIC=-0.053417
[2026-05-02 01:56:21] 触发：向左推动，position=0，锁定 5.0 秒，AY_LOGIC=-0.055858
[2026-05-02 01:56:27] 触发：向左推动，position=0，锁定 5.0 秒，AY_LOGIC=-0.053173
[2026-05-02 01:56:32] 触发：向左推动，position=0，锁定 5.0 秒，AY_LOGIC=-0.049022
[2026-05-02 01:56:45] 触发：向左推动，position=0，锁定 5.0 秒，AY_LOGIC=-0.783641
[2026-05-02 01:57:10] 触发：向左推动，position=0，锁定 5.0 秒，AY_LOGIC=-0.154003
[2026-05-02 01:57:15] 触发：向左推动，position=0，锁定 5.0 秒，AY_LOGIC=-0.049755
[2026-05-02 01:57:20] 触发：向左推动，position=0，锁定 5.0 秒，AY_LOGIC=-0.051219
[2026-05-02 01:57:25] 触发：向左推动，position=0，锁定 5.0 秒，AY_LOGIC=-0.046337
[2026-05-02 01:57:30] 触发：向左推动，position=0，锁定 5.0 秒，AY_LOGIC=-0.046092
[2026-05-02 01:57:35] 触发：向左推动，position=0，锁定 5.0 秒，AY_LOGIC=-0.051952
[2026-05-02 01:57:40] 触发：向左推动，position=0，锁定 5.0 秒，AY_LOGIC=-0.045360
[2026-05-02 01:57:45] 触发：向左推动，position=0，锁定 5.0 秒，AY_LOGIC=-0.049755
[2026-05-02 01:57:50] 触发：向左推动，position=0，锁定 5.0 秒，AY_LOGIC=-0.051219
[2026-05-02 01:57:55] 触发：向左推动，position=0，锁定 5.0 秒，AY_LOGIC=-0.045604
[2026-05-02 01:58:00] 触发：向左推动，position=0，锁定 5.0 秒，AY_LOGIC=-0.046825
[2026-05-02 01:58:05] 触发：向左推动，position=0，锁定 5.0 秒，AY_LOGIC=-0.046581
[2026-05-02 01:58:12] 触发：向左推动，position=0，锁定 5.0 秒，AY_LOGIC=-0.045360
[2026-05-02 01:58:17] 触发：向左推动，position=0，锁定 5.0 秒，AY_LOGIC=-0.046825
[2026-05-02 01:58:22] 触发：向左推动，position=0，锁定 5.0 秒，AY_LOGIC=-0.047557
[2026-05-02 01:58:27] 触发：向左推动，position=0，锁定 5.0 秒，AY_LOGIC=-0.046581
[2026-05-02 01:58:34] 触发：向左推动，position=0，锁定 5.0 秒，AY_LOGIC=-0.045848
[2026-05-02 01:58:39] 触发：向左推动，position=0，锁定 5.0 秒，AY_LOGIC=-0.048534
[2026-05-02 01:58:44] 触发：向左推动，position=0，锁定 5.0 秒，AY_LOGIC=-0.045116
[2026-05-02 01:58:49] 触发：向左推动，position=0，锁定 5.0 秒，AY_LOGIC=-0.052196
[2026-05-02 01:58:54] 触发：向左推动，position=0，锁定 5.0 秒，AY_LOGIC=-0.048290
[2026-05-02 01:59:00] 触发：向左推动，position=0，锁定 5.0 秒，AY_LOGIC=-0.046337
[2026-05-02 01:59:05] 触发：向左推动，position=0，锁定 5.0 秒，AY_LOGIC=-0.054882
[2026-05-02 01:59:12] 触发：向左推动，position=0，锁定 5.0 秒，AY_LOGIC=-0.045848
[2026-05-02 01:59:17] 触发：向左推动，position=0，锁定 5.0 秒，AY_LOGIC=-0.049266
[2026-05-02 01:59:22] 触发：向左推动，position=0，锁定 5.0 秒，AY_LOGIC=-0.045360
[2026-05-02 01:59:27] 触发：向左推动，position=0，锁定 5.0 秒，AY_LOGIC=-0.046092
[2026-05-02 01:59:33] 触发：向左推动，position=0，锁定 5.0 秒，AY_LOGIC=-0.045360
[2026-05-02 01:59:38] 触发：向左推动，position=0，锁定 5.0 秒，AY_LOGIC=-0.045116
[2026-05-02 01:59:44] 触发：向左推动，position=0，锁定 5.0 秒，AY_LOGIC=-0.048778
[2026-05-02 01:59:49] 触发：向左推动，position=0，锁定 5.0 秒，AY_LOGIC=-0.047313
[2026-05-02 01:59:54] 触发：向左推动，position=0，锁定 5.0 秒，AY_LOGIC=-0.047801
[2026-05-02 01:59:59] 触发：向左推动，position=0，锁定 5.0 秒，AY_LOGIC=-0.045116
[2026-05-02 02:00:05] 触发：向左推动，position=0，锁定 5.0 秒，AY_LOGIC=-0.045116
[2026-05-02 02:00:10] 触发：向左推动，position=0，锁定 5.0 秒，AY_LOGIC=-0.045116
[2026-05-02 02:00:15] 触发：向左推动，position=0，锁定 5.0 秒，AY_LOGIC=-0.047313
[2026-05-02 02:00:21] 触发：向左推动，position=0，锁定 5.0 秒，AY_LOGIC=-0.048534
[2026-05-02 02:00:26] 触发：向左推动，position=0，锁定 5.0 秒，AY_LOGIC=-0.046092
[2026-05-02 02:00:32] 触发：向左推动，position=0，锁定 5.0 秒，AY_LOGIC=-0.049755
[2026-05-02 02:00:37] 触发：向左推动，position=0，锁定 5.0 秒，AY_LOGIC=-0.046337
[2026-05-02 02:00:42] 触发：向左推动，position=0，锁定 5.0 秒，AY_LOGIC=-0.047313
[2026-05-02 02:00:48] 触发：向左推动，position=0，锁定 5.0 秒，AY_LOGIC=-0.052196
                                                                                               [2025-06-26 14:58:45] MPU6050 + GY-30 手势联合控制程序启动
[2025-06-26 14:58:45] position=1：亮度跟随 GY-30
[2025-06-26 14:58:45] position=0：强制亮度为 0
[2025-06-26 14:58:45] 触发后 5.0 秒不读取 MPU6050
[2025-06-26 14:58:45] DIRECTION=1 RIGHT=0.045 LEFT=-0.045 TRIGGER_COUNT=1
[2025-06-26 14:58:47] 初始 position=0，强制灭屏
[2026-05-02 02:04:46] 触发：向左推动，position=0，锁定 5.0 秒，AY_LOGIC=-0.085574
                                                                                                                                                                                                                                                                                                                                                                                                                                                                                                                                                                                                                                                          [2025-06-26 14:58:45] MPU6050 + GY-30 手势联合控制程序启动
[2025-06-26 14:58:45] position=1：亮度跟随 GY-30
[2025-06-26 14:58:45] position=0：强制亮度为 0
[2025-06-26 14:58:45] 触发后 5.0 秒不读取 MPU6050
[2025-06-26 14:58:45] DIRECTION=1 RIGHT=0.045 LEFT=-0.045 TRIGGER_COUNT=1
[2025-06-26 14:58:48] 初始 position=0，强制灭屏
[2025-06-26 14:58:52] 触发：向左推动，position=0，锁定 5.0 秒，AY_LOGIC=-2.104423
[2025-06-26 14:58:57] 触发：向左推动，position=0，锁定 5.0 秒，AY_LOGIC=-0.237724
[2025-06-26 14:59:02] 触发：向左推动，position=0，锁定 5.0 秒，AY_LOGIC=-0.237480
[2025-06-26 14:59:07] 触发：向左推动，position=0，锁定 5.0 秒，AY_LOGIC=-0.233818
[2025-06-26 14:59:12] 触发：向左推动，position=0，锁定 5.0 秒，AY_LOGIC=-0.741142
                                                                                               [2025-06-26 14:58:45] MPU6050 + GY-30 手势联合控制程序启动
[2025-06-26 14:58:45] position=1：亮度跟随 GY-30
[2025-06-26 14:58:45] position=0：强制亮度为 0
[2025-06-26 14:58:45] 触发后 5.0 秒不读取 MPU6050
[2025-06-26 14:58:45] DIRECTION=1 RIGHT=0.045 LEFT=-0.045 TRIGGER_COUNT=1
[2025-06-26 14:58:48] 初始 position=0，强制灭屏
[2025-06-26 14:58:50] 触发：向左推动，position=0，锁定 5.0 秒，AY_LOGIC=-1.732359
[2025-06-26 14:58:56] 触发：向右推动，position=1，锁定 5.0 秒，AY_LOGIC=0.058656
[2026-05-02 02:12:02] 触发：向左推动，position=0，锁定 5.0 秒，AY_LOGIC=-0.048521
[2026-05-02 02:12:07] 触发：向右推动，position=1，锁定 5.0 秒，AY_LOGIC=0.096010
                                                                                               [2025-06-26 14:58:45] MPU6050 + GY-30 手势联合控制程序启动
[2025-06-26 14:58:45] position=1：亮度跟随 GY-30
[2025-06-26 14:58:45] position=0：强制亮度为 0
[2025-06-26 14:58:45] 触发后 5.0 秒不读取 MPU6050
[2025-06-26 14:58:45] DIRECTION=1 RIGHT=0.045 LEFT=-0.045 TRIGGER_COUNT=1
[2025-06-26 14:58:48] 初始 position=0，强制灭屏
[2025-06-26 14:58:49] 触发：向右推动，position=1，锁定 5.0 秒，AY_LOGIC=2.026763
                                                                                              [2025-06-26 14:58:45] MPU6050 + GY-30 手势联合控制程序启动
[2025-06-26 14:58:45] position=1：亮度跟随 GY-30
[2025-06-26 14:58:45] position=0：强制亮度为 0
[2025-06-26 14:58:45] 触发后 5.0 秒不读取 MPU6050
[2025-06-26 14:58:45] DIRECTION=1 RIGHT=0.045 LEFT=-0.045 TRIGGER_COUNT=1
[2025-06-26 14:58:47] 初始 position=0，强制灭屏
[2025-06-26 14:58:45] MPU6050 + GY-30 手势联合控制程序启动
[2025-06-26 14:58:45] position=1：亮度跟随 GY-30
[2025-06-26 14:58:45] position=0：强制亮度为 0
[2025-06-26 14:58:45] 触发后 5.0 秒不读取 MPU6050
[2025-06-26 14:58:45] DIRECTION=1 RIGHT=0.045 LEFT=-0.045 TRIGGER_COUNT=1
[2025-06-26 14:58:48] 初始 position=0，强制灭屏
[2026-05-02 02:19:24] 触发：向右推动，position=1，锁定 5.0 秒，AY_LOGIC=1.689999
[2026-05-02 02:19:29] 触发：向左推动，position=0，锁定 5.0 秒，AY_LOGIC=-0.288211
[2026-05-02 02:19:36] 触发：向右推动，position=1，锁定 5.0 秒，AY_LOGIC=0.157346
[2026-05-02 02:19:41] 触发：向右推动，position=1，锁定 5.0 秒，AY_LOGIC=0.237424
[2026-05-02 02:19:46] 触发：向右推动，position=1，锁定 5.0 秒，AY_LOGIC=0.237668
[2026-05-02 02:19:51] 触发：向右推动，position=1，锁定 5.0 秒，AY_LOGIC=0.237668
[2026-05-02 02:19:56] 触发：向右推动，position=1，锁定 5.0 秒，AY_LOGIC=0.236203
[2026-05-02 02:20:01] 触发：向右推动，position=1，锁定 5.0 秒，AY_LOGIC=0.242306
[2026-05-02 02:20:06] 触发：向右推动，position=1，锁定 5.0 秒，AY_LOGIC=0.247189
[2026-05-02 02:20:11] 触发：向右推动，position=1，锁定 5.0 秒，AY_LOGIC=0.240842
[2026-05-02 02:20:16] 触发：向右推动，position=1，锁定 5.0 秒，AY_LOGIC=0.247189
[2026-05-02 02:20:21] 触发：向右推动，position=1，锁定 5.0 秒，AY_LOGIC=0.239865
[2026-05-02 02:20:26] 触发：向右推动，position=1，锁定 5.0 秒，AY_LOGIC=0.238156
[2026-05-02 02:20:31] 触发：向左推动，position=0，锁定 5.0 秒，AY_LOGIC=-0.318973
[2026-05-02 02:20:36] 触发：向右推动，position=1，锁定 5.0 秒，AY_LOGIC=0.606808
[2026-05-02 02:20:42] 触发：向左推动，position=0，锁定 5.0 秒，AY_LOGIC=-0.046756
[2026-05-02 02:20:47] 触发：向左推动，position=0，锁定 5.0 秒，AY_LOGIC=-0.064334
[2026-05-02 02:20:52] 触发：向左推动，position=0，锁定 5.0 秒，AY_LOGIC=-0.075565
[2026-05-02 02:20:57] 触发：向左推动，position=0，锁定 5.0 秒，AY_LOGIC=-0.077029
                                                                                                                                                                                             [2025-06-26 14:58:45] MPU6050 + GY-30 手势联合控制程序启动
[2025-06-26 14:58:45] position=1：亮度跟随 GY-30
[2025-06-26 14:58:45] position=0：强制亮度为 0
[2025-06-26 14:58:45] 触发后 5.0 秒不读取 MPU6050
[2025-06-26 14:58:45] DIRECTION=1 RIGHT=0.045 LEFT=-0.045 TRIGGER_COUNT=1
[2025-06-26 14:58:48] MPU6050 + GY-30 手势联合控制程序启动
[2025-06-26 14:58:48] position=1：亮度跟随 GY-30
[2025-06-26 14:58:48] position=0：强制亮度为 0
[2025-06-26 14:58:48] 触发后 5.0 秒不读取 MPU6050
[2025-06-26 14:58:48] DIRECTION=1 RIGHT=0.045 LEFT=-0.045 TRIGGER_COUNT=1
[2025-06-26 14:58:50] MPU6050 + GY-30 手势联合控制程序启动
[2025-06-26 14:58:50] position=1：亮度跟随 GY-30
[2025-06-26 14:58:50] position=0：强制亮度为 0
[2025-06-26 14:58:50] 触发后 5.0 秒不读取 MPU6050
[2025-06-26 14:58:50] DIRECTION=1 RIGHT=0.045 LEFT=-0.045 TRIGGER_COUNT=1
[2025-06-26 14:58:53] MPU6050 + GY-30 手势联合控制程序启动
[2025-06-26 14:58:53] position=1：亮度跟随 GY-30
[2025-06-26 14:58:53] position=0：强制亮度为 0
[2025-06-26 14:58:53] 触发后 5.0 秒不读取 MPU6050
[2025-06-26 14:58:53] DIRECTION=1 RIGHT=0.045 LEFT=-0.045 TRIGGER_COUNT=1
[2025-06-26 14:58:55] MPU6050 + GY-30 手势联合控制程序启动
[2025-06-26 14:58:55] position=1：亮度跟随 GY-30
[2025-06-26 14:58:55] position=0：强制亮度为 0
[2025-06-26 14:58:55] 触发后 5.0 秒不读取 MPU6050
[2025-06-26 14:58:55] DIRECTION=1 RIGHT=0.045 LEFT=-0.045 TRIGGER_COUNT=1
[2025-06-26 14:58:58] MPU6050 + GY-30 手势联合控制程序启动
[2025-06-26 14:58:58] position=1：亮度跟随 GY-30
[2025-06-26 14:58:58] position=0：强制亮度为 0
[2025-06-26 14:58:58] 触发后 5.0 秒不读取 MPU6050
[2025-06-26 14:58:58] DIRECTION=1 RIGHT=0.045 LEFT=-0.045 TRIGGER_COUNT=1
[2025-06-26 14:59:00] MPU6050 + GY-30 手势联合控制程序启动
[2025-06-26 14:59:00] position=1：亮度跟随 GY-30
[2025-06-26 14:59:00] position=0：强制亮度为 0
[2025-06-26 14:59:00] 触发后 5.0 秒不读取 MPU6050
[2025-06-26 14:59:00] DIRECTION=1 RIGHT=0.045 LEFT=-0.045 TRIGGER_COUNT=1
[2025-06-26 14:59:03] MPU6050 + GY-30 手势联合控制程序启动
[2025-06-26 14:59:03] position=1：亮度跟随 GY-30
[2025-06-26 14:59:03] position=0：强制亮度为 0
[2025-06-26 14:59:03] 触发后 5.0 秒不读取 MPU6050
[2025-06-26 14:59:03] DIRECTION=1 RIGHT=0.045 LEFT=-0.045 TRIGGER_COUNT=1
[2025-06-26 14:59:06] MPU6050 + GY-30 手势联合控制程序启动
[2025-06-26 14:59:06] position=1：亮度跟随 GY-30
[2025-06-26 14:59:06] position=0：强制亮度为 0
[2025-06-26 14:59:06] 触发后 5.0 秒不读取 MPU6050
[2025-06-26 14:59:06] DIRECTION=1 RIGHT=0.045 LEFT=-0.045 TRIGGER_COUNT=1
[2025-06-26 14:59:09] MPU6050 + GY-30 手势联合控制程序启动
[2025-06-26 14:59:09] position=1：亮度跟随 GY-30
[2025-06-26 14:59:09] position=0：强制亮度为 0
[2025-06-26 14:59:09] 触发后 5.0 秒不读取 MPU6050
[2025-06-26 14:59:09] DIRECTION=1 RIGHT=0.045 LEFT=-0.045 TRIGGER_COUNT=1
[2025-06-26 14:59:11] MPU6050 + GY-30 手势联合控制程序启动
[2025-06-26 14:59:11] position=1：亮度跟随 GY-30
[2025-06-26 14:59:11] position=0：强制亮度为 0
[2025-06-26 14:59:11] 触发后 5.0 秒不读取 MPU6050
[2025-06-26 14:59:11] DIRECTION=1 RIGHT=0.045 LEFT=-0.045 TRIGGER_COUNT=1
[2025-06-26 14:59:14] MPU6050 + GY-30 手势联合控制程序启动
[2025-06-26 14:59:14] position=1：亮度跟随 GY-30
[2025-06-26 14:59:14] position=0：强制亮度为 0
[2025-06-26 14:59:14] 触发后 5.0 秒不读取 MPU6050
[2025-06-26 14:59:14] DIRECTION=1 RIGHT=0.045 LEFT=-0.045 TRIGGER_COUNT=1
[2025-06-26 14:59:17] MPU6050 + GY-30 手势联合控制程序启动
[2025-06-26 14:59:17] position=1：亮度跟随 GY-30
[2025-06-26 14:59:17] position=0：强制亮度为 0
[2025-06-26 14:59:17] 触发后 5.0 秒不读取 MPU6050
[2025-06-26 14:59:17] DIRECTION=1 RIGHT=0.045 LEFT=-0.045 TRIGGER_COUNT=1
[2025-06-26 14:59:19] MPU6050 + GY-30 手势联合控制程序启动
[2025-06-26 14:59:19] position=1：亮度跟随 GY-30
[2025-06-26 14:59:19] position=0：强制亮度为 0
[2025-06-26 14:59:19] 触发后 5.0 秒不读取 MPU6050
[2025-06-26 14:59:19] DIRECTION=1 RIGHT=0.045 LEFT=-0.045 TRIGGER_COUNT=1
[2025-06-26 14:59:22] MPU6050 + GY-30 手势联合控制程序启动
[2025-06-26 14:59:22] position=1：亮度跟随 GY-30
[2025-06-26 14:59:22] position=0：强制亮度为 0
[2025-06-26 14:59:22] 触发后 5.0 秒不读取 MPU6050
[2025-06-26 14:59:22] DIRECTION=1 RIGHT=0.045 LEFT=-0.045 TRIGGER_COUNT=1
[2025-06-26 14:59:25] MPU6050 + GY-30 手势联合控制程序启动
[2025-06-26 14:59:25] position=1：亮度跟随 GY-30
[2025-06-26 14:59:25] position=0：强制亮度为 0
[2025-06-26 14:59:25] 触发后 5.0 秒不读取 MPU6050
[2025-06-26 14:59:25] DIRECTION=1 RIGHT=0.045 LEFT=-0.045 TRIGGER_COUNT=1
[2025-06-26 14:59:27] MPU6050 + GY-30 手势联合控制程序启动
[2025-06-26 14:59:27] position=1：亮度跟随 GY-30
[2025-06-26 14:59:27] position=0：强制亮度为 0
[2025-06-26 14:59:27] 触发后 5.0 秒不读取 MPU6050
[2025-06-26 14:59:27] DIRECTION=1 RIGHT=0.045 LEFT=-0.045 TRIGGER_COUNT=1
[2025-06-26 14:59:30] MPU6050 + GY-30 手势联合控制程序启动
[2025-06-26 14:59:30] position=1：亮度跟随 GY-30
[2025-06-26 14:59:30] position=0：强制亮度为 0
[2025-06-26 14:59:30] 触发后 5.0 秒不读取 MPU6050
[2025-06-26 14:59:30] DIRECTION=1 RIGHT=0.045 LEFT=-0.045 TRIGGER_COUNT=1
[2026-05-02 02:22:27] MPU6050 + GY-30 手势联合控制程序启动
[2026-05-02 02:22:27] position=1：亮度跟随 GY-30
[2026-05-02 02:22:27] position=0：强制亮度为 0
[2026-05-02 02:22:27] 触发后 5.0 秒不读取 MPU6050
[2026-05-02 02:22:27] DIRECTION=1 RIGHT=0.045 LEFT=-0.045 TRIGGER_COUNT=1
[2026-05-02 02:22:30] MPU6050 + GY-30 手势联合控制程序启动
[2026-05-02 02:22:30] position=1：亮度跟随 GY-30
[2026-05-02 02:22:30] position=0：强制亮度为 0
[2026-05-02 02:22:30] 触发后 5.0 秒不读取 MPU6050
[2026-05-02 02:22:30] DIRECTION=1 RIGHT=0.045 LEFT=-0.045 TRIGGER_COUNT=1
[2026-05-02 02:22:32] MPU6050 + GY-30 手势联合控制程序启动
[2026-05-02 02:22:32] position=1：亮度跟随 GY-30
[2026-05-02 02:22:32] position=0：强制亮度为 0
[2026-05-02 02:22:32] 触发后 5.0 秒不读取 MPU6050
[2026-05-02 02:22:32] DIRECTION=1 RIGHT=0.045 LEFT=-0.045 TRIGGER_COUNT=1
[2026-05-02 02:22:35] MPU6050 + GY-30 手势联合控制程序启动
[2026-05-02 02:22:35] position=1：亮度跟随 GY-30
[2026-05-02 02:22:35] position=0：强制亮度为 0
[2026-05-02 02:22:35] 触发后 5.0 秒不读取 MPU6050
[2026-05-02 02:22:35] DIRECTION=1 RIGHT=0.045 LEFT=-0.045 TRIGGER_COUNT=1
[2026-05-02 02:22:37] MPU6050 + GY-30 手势联合控制程序启动
[2026-05-02 02:22:37] position=1：亮度跟随 GY-30
[2026-05-02 02:22:37] position=0：强制亮度为 0
[2026-05-02 02:22:37] 触发后 5.0 秒不读取 MPU6050
[2026-05-02 02:22:37] DIRECTION=1 RIGHT=0.045 LEFT=-0.045 TRIGGER_COUNT=1
[2026-05-02 02:22:40] MPU6050 + GY-30 手势联合控制程序启动
[2026-05-02 02:22:40] position=1：亮度跟随 GY-30
[2026-05-02 02:22:40] position=0：强制亮度为 0
[2026-05-02 02:22:40] 触发后 5.0 秒不读取 MPU6050
[2026-05-02 02:22:40] DIRECTION=1 RIGHT=0.045 LEFT=-0.045 TRIGGER_COUNT=1
[2026-05-02 02:22:42] MPU6050 + GY-30 手势联合控制程序启动
[2026-05-02 02:22:42] position=1：亮度跟随 GY-30
[2026-05-02 02:22:42] position=0：强制亮度为 0
[2026-05-02 02:22:42] 触发后 5.0 秒不读取 MPU6050
[2026-05-02 02:22:42] DIRECTION=1 RIGHT=0.045 LEFT=-0.045 TRIGGER_COUNT=1
[2026-05-02 02:22:45] MPU6050 + GY-30 手势联合控制程序启动
[2026-05-02 02:22:45] position=1：亮度跟随 GY-30
[2026-05-02 02:22:45] position=0：强制亮度为 0
[2026-05-02 02:22:45] 触发后 5.0 秒不读取 MPU6050
[2026-05-02 02:22:45] DIRECTION=1 RIGHT=0.045 LEFT=-0.045 TRIGGER_COUNT=1
                                                                                                                                                                                                                                                                                                                                                                                                                                                                                                                                                                                                                                                                                                                                                                                                                                                                                                                                                                                                                                                                                                                                                                                                                                                                                                                                                                                                                                                                                                                                                                                                                                                                                                                                                                                                                                                                                                                                                                                                                                                                                                                                                                                                                                                                                                                                                                                                                                                                                                                                                                                                                                                                                                                                                                                                                                                                           [2025-06-26 14:58:45] MPU6050 + GY-30 手势联合控制程序启动
[2025-06-26 14:58:45] position=1：亮度跟随 GY-30
[2025-06-26 14:58:45] position=0：强制亮度为 0
[2025-06-26 14:58:45] 触发后 5.0 秒不读取 MPU6050
[2025-06-26 14:58:45] DIRECTION=1 RIGHT=0.045 LEFT=-0.045 TRIGGER_COUNT=1
[2025-06-26 14:58:48] 初始 position=0，强制灭屏
[2025-06-26 14:58:56] 触发：向右推动，position=1，锁定 5.0 秒，AY_LOGIC=1.042430
[2025-06-26 14:59:11] 触发：向左推动，position=0，锁定 5.0 秒，AY_LOGIC=-0.056202
[2025-06-26 14:59:16] 触发：向右推动，position=1，锁定 5.0 秒，AY_LOGIC=1.845348
[2026-05-02 02:25:20] 触发：向右推动，position=1，锁定 5.0 秒，AY_LOGIC=1.845348
[2026-05-02 02:25:25] 触发：向右推动，position=1，锁定 5.0 秒，AY_LOGIC=0.580272
[2026-05-02 02:25:31] 触发：向右推动，position=1，锁定 5.0 秒，AY_LOGIC=0.266796
[2026-05-02 02:25:36] 触发：向右推动，position=1，锁定 5.0 秒，AY_LOGIC=1.594188
                                                                                              